#
# A fatal error has been detected by the Java Runtime Environment:
#
#  EXCEPTION_ACCESS_VIOLATION (0xc0000005) at pc=0x00007ffe1cca5a83, pid=17448, tid=16020
#
# JRE version: OpenJDK Runtime Environment (17.0.2+8) (build 17.0.2+8-86)
# Java VM: OpenJDK 64-Bit Server VM (17.0.2+8-86, mixed mode, sharing, tiered, compressed oops, compressed class ptrs, g1 gc, windows-amd64)
# Problematic frame:
# C  [ntdll.dll+0x25a83]
#
# No core dump will be written. Minidumps are not enabled by default on client versions of Windows
#
# If you would like to submit a bug report, please visit:
#   https://bugreport.java.com/bugreport/crash.jsp
# The crash happened outside the Java Virtual Machine in native code.
# See problematic frame for where to report the bug.
#

---------------  S U M M A R Y ------------

Command Line: -javaagent:C:\Program Files\JetBrains\IntelliJ IDEA Educational Edition 2022.1\lib\idea_rt.jar=22572:C:\Program Files\JetBrains\IntelliJ IDEA Educational Edition 2022.1\bin -Dfile.encoding=UTF-8 interfaceplayer

Host: Intel(R) Core(TM) i5-10300H CPU @ 2.50GHz, 8 cores, 7G,  Windows 11 , 64 bit Build 22000 (10.0.22000.613)
Time: Mon May  9 19:17:50 2022 Paris, Madrid (heure duild 22000 (10.0.22000.613) elapsed time: 42.784969 seconds (0d 0h 0m 42s)

---------------  T H R E A D  ---------------

Current thread (0x0000024d5339e1b0):  JavaThread "AWT-Windows" daemon [_thread_in_native, id=16020, stack(0x000000ac43b00000,0x000000ac43c00000)]

Stack: [0x000000ac43b00000,0x000000ac43c00000],  sp=0x000000ac43bfec20,  free space=1019k
Native frames: (J=compiled Java code, j=interpreted, Vv=VM code, C=native code)
C  [ntdll.dll+0x25a83]
C  [ntdll.dll+0x259fe]
C  [ntdll.dll+0xbd499]
C  [ntdll.dll+0x28c6a]
C  [msvcrt.dll+0x1c750]
C  [textinputframework.dll+0x46e68]

Java frames: (J=compiled Java code, j=interpreted, Vv=VM code)
j  sun.awt.windows.WToolkit.eventLoop()V+0 java.desktop@17.0.2
j  sun.awt.windows.WToolkit.run()V+50 java.desktop@17.0.2
j  java.lang.Thread.run()V+11 java.base@17.0.2
v  ~StubRoutines::call_stub

siginfo: EXCEPTION_ACCESS_VIOLATION (0xc0000005), reading address 0xffffffffffffffff


Register to memory mapping:

RIP=0x00007ffe1cca5a83 ntdll.dll
RAX=0x0000000000000b09 is an unknown value
RBX=0x0 is NULL
RCX=0xff090b09ff090b09 is an unknown value
RDX=0x0000024d5f2a1940 points into unknown readable memory: 0xff090b09ff090b09 | 09 0b 09 ff 09 0b 09 ff
RSP=0x000000ac43bfec20 is pointing into the stack for thread: 0x0000024d5339e1b0
RBP=0x0000024d32350f90 points into unknown readable memory: 0x0000000000000000 | 00 00 00 00 00 00 00 00
RSI=0x0000000000000110 is an unknown value
RDI=0x0000000000000010 is an unknown value
R8 =0x0 is NULL
R9 =0xff090b09ff090b09 is an unknown value
R10=0x0000000000008000 is an unknown value
R11=0x00000000000000ff is an unknown value
R12=0x0000024d5f2a1940 points into unknown readable memory: 0xff090b09ff090b09 | 09 0b 09 ff 09 0b 09 ff
R13=0x0000024d32350f00 points into unknown readable memory: 0x0000024d32350cc0 | c0 0c 35 32 4d 02 00 00
R14=0x0000000000000064 is an unknown value
R15=0x0000000000000001 is an unknown value


Registers:
RAX=0x0000000000000b09, RBX=0x0000000000000000, RCX=0xff090b09ff090b09, RDX=0x0000024d5f2a1940
RSP=0x000000ac43bfec20, RBP=0x0000024d32350f90, RSI=0x0000000000000110, RDI=0x0000000000000010
R8 =0x0000000000000000, R9 =0xff090b09ff090b09, R10=0x0000000000008000, R11=0x00000000000000ff
R12=0x0000024d5f2a1940, R13=0x0000024d32350f00, R14=0x0000000000000064, R15=0x0000000000000001
RIP=0x00007ffe1cca5a83, EFLAGS=0x0000000000010246

Top of Stack: (sp=0x000000ac43bfec20)
0x000000ac43bfec20:   0000000000000001 00007ffd02000002
0x000000ac43bfec30:   000000ac43bfef50 000000ac43bfed30
0x000000ac43bfec40:   0000000000000000 00007ffe1cca59fe
0x000000ac43bfec50:   0000000000000000 000025b5288a63f9
0x000000ac43bfec60:   0000024d5bf903e8 0000024d59822bb0
0x000000ac43bfec70:   0000000000000000 00007ffe1cd3d499
0x000000ac43bfec80:   0000000000000008 0000000017af0751
0x000000ac43bfec90:   000000ac43bff040 00007ffe1bd5dde0
0x000000ac43bfeca0:   0000000000000080 00007ffe1ccab83c
0x000000ac43bfecb0:   0000024d32350f10 0000024d32350f00
0x000000ac43bfecc0:   0000024d59dac540 0000024d32350cc0
0x000000ac43bfecd0:   0000000000000110 0000024d323502e4
0x000000ac43bfece0:   0000024d32350cc0 0000024d00000042
0x000000ac43bfecf0:   000000000000df00 0000000000000100
0x000000ac43bfed00:   0000000000000000 0000000000000110
0x000000ac43bfed10:   0000000000000000 0000000000000011 

Instructions: (pc=0x00007ffe1cca5a83)
0x00007ffe1cca5983:   85 f6 74 35 44 89 ac 24 f0 01 00 00 8b d6 83 e2
0x00007ffe1cca5993:   02 83 ca 01 8d 0c 16 8b c6 f0 0f b1 4f 08 75 26
0x00007ffe1cca59a3:   f6 c2 02 0f 84 e0 fd ff ff 49 8b d6 48 8b cf e8
0x00007ffe1cca59b3:   99 53 03 00 e9 d0 fd ff ff 48 8b cf e8 dc 23 06
0x00007ffe1cca59c3:   00 4c 8b f0 eb be 48 8d 8c 24 f0 01 00 00 e8 52
0x00007ffe1cca59d3:   5e ff ff 0f 0d 4f 08 8b 77 08 eb b0 cc cc cc cc
0x00007ffe1cca59e3:   cc cc cc cc cc 40 53 48 83 ec 20 0f b7 42 20 33
0x00007ffe1cca59f3:   db 66 85 c0 74 0b e8 16 00 00 00 84 c0 75 02 b3
0x00007ffe1cca5a03:   01 8a c3 48 83 c4 20 5b c3 cc cc cc cc cc cc cc
0x00007ffe1cca5a13:   cc 40 53 48 83 ec 20 45 33 c0 4c 8b c9 f6 05 79
0x00007ffe1cca5a23:   50 15 00 04 74 5a 41 8a d8 65 48 8b 04 25 60 00
0x00007ffe1cca5a33:   00 00 48 8b 88 90 00 00 00 48 85 c9 0f 85 f2 7f
0x00007ffe1cca5a43:   08 00 b9 8a 03 fe 7f 44 38 01 0f 85 44 80 08 00
0x00007ffe1cca5a53:   65 48 8b 04 25 60 00 00 00 48 8b 88 90 00 00 00
0x00007ffe1cca5a63:   48 85 c9 0f 85 f0 7f 08 00 b9 80 03 fe 7f 44 38
0x00007ffe1cca5a73:   01 0f 85 07 80 08 00 8a c3 48 83 c4 20 5b c3 cc
0x00007ffe1cca5a83:   0f b7 81 ac 00 00 00 83 f8 70 77 9a 48 8d 0d 6a
0x00007ffe1cca5a93:   07 11 00 0f b7 0c 41 41 8b 81 a0 00 00 00 c1 e1
0x00007ffe1cca5aa3:   04 3b c1 72 81 e9 71 7f 08 00 cc cc cc cc cc cc
0x00007ffe1cca5ab3:   cc 44 0f b7 51 2e 0f b6 41 2d 4c 03 d1 44 8b ca
0x00007ffe1cca5ac3:   4d 8d 1c 42 4b 8d 0c 4a 66 83 39 00 74 4e 49 3b
0x00007ffe1cca5ad3:   cb 73 0c 66 83 39 00 74 0b 48 83 c1 02 eb ef 83
0x00007ffe1cca5ae3:   c8 ff c3 cc 4c 8b c9 4d 2b ca 49 d1 f9 41 8b d1
0x00007ffe1cca5af3:   48 ff c2 49 8d 14 52 66 83 3a 00 75 05 49 3b d3
0x00007ffe1cca5b03:   72 14 48 8b c1 48 2b d1 49 2b c2 48 d1 fa 48 d1
0x00007ffe1cca5b13:   f8 41 89 10 c3 cc 48 83 c2 02 eb db 48 83 e9 02
0x00007ffe1cca5b23:   66 83 39 00 74 f6 48 83 c1 02 eb c1 cc cc cc cc
0x00007ffe1cca5b33:   cc cc cc cc cc 71 90 5b 12 e7 9e 70 ce 65 48 8b
0x00007ffe1cca5b43:   04 25 60 00 00 00 4c 8b c1 33 d2 48 8b 48 30 e9
0x00007ffe1cca5b53:   89 1a 00 00 cc cc cc cc cc cc cc cc cc 65 48 8b
0x00007ffe1cca5b63:   04 25 60 00 00 00 4c 8b c1 33 d2 48 8b 48 30 e9
0x00007ffe1cca5b73:   49 2f 00 00 cc cc cc cc cc cc cc cc cc 48 89 5c 


Stack slot to memory mapping:
stack at sp + 0 slots: 0x0000000000000001 is an unknown value
stack at sp + 1 slots: 0x00007ffd02000002 is an unknown value
stack at sp + 2 slots: 0x000000ac43bfef50 is pointing into the stack for thread: 0x0000024d5339e1b0
stack at sp + 3 slots: 0x000000ac43bfed30 is pointing into the stack for thread: 0x0000024d5339e1b0
stack at sp + 4 slots: 0x0 is NULL
stack at sp + 5 slots: 0x00007ffe1cca59fe ntdll.dll
stack at sp + 6 slots: 0x0 is NULL
stack at sp + 7 slots: 0x000025b5288a63f9 is an unknown value


---------------  P R O C E S S  ---------------

Threads class SMR info:
_java_thread_list=0x0000024d538945f0, length=28, elements={
0x0000024d52453420, 0x0000024d52454290, 0x0000024d52469570, 0x0000024d52469f20,
0x0000024d5246b0e0, 0x0000024d5246ba90, 0x0000024d52474830, 0x0000024d524787d0,
0x0000024d5247b1d0, 0x0000024d5307ae20, 0x0000024d535c4800, 0x0000024d53219e70,
0x0000024d534d3880, 0x0000024d535175f0, 0x0000024d5339e1b0, 0x0000024d590d4ff0,
0x0000024d3447e510, 0x0000024d59466040, 0x0000024d594390c0, 0x0000024d59439a60,
0x0000024d598002c0, 0x0000024d597fef80, 0x0000024d597feab0, 0x0000024d597fd770,
0x0000024d59801ad0, 0x0000024d59801130, 0x0000024d59801600, 0x0000024d597ff450
}

Java Threads: ( => current thread )
  0x0000024d52453420 JavaThread "Reference Handler" daemon [_thread_blocked, id=14512, stack(0x000000ac42b00000,0x000000ac42c00000)]
  0x0000024d52454290 JavaThread "Finalizer" daemon [_thread_blocked, id=7008, stack(0x000000ac42c00000,0x000000ac42d00000)]
  0x0000024d52469570 JavaThread "Signal Dispatcher" daemon [_thread_blocked, id=4820, stack(0x000000ac42d00000,0x000000ac42e00000)]
  0x0000024d52469f20 JavaThread "Attach Listener" daemon [_thread_blocked, id=8368, stack(0x000000ac42e00000,0x000000ac42f00000)]
  0x0000024d5246b0e0 JavaThread "Service Thread" daemon [_thread_blocked, id=14072, stack(0x000000ac42f00000,0x000000ac43000000)]
  0x0000024d5246ba90 JavaThread "Monitor Deflation Thread" daemon [_thread_blocked, id=10216, stack(0x000000ac43000000,0x000000ac43100000)]
  0x0000024d52474830 JavaThread "C2 CompilerThread0" daemon [_thread_in_native, id=2608, stack(0x000000ac43100000,0x000000ac43200000)]
  0x0000024d524787d0 JavaThread "C1 CompilerThread0" daemon [_thread_blocked, id=2512, stack(0x000000ac43200000,0x000000ac43300000)]
  0x0000024d5247b1d0 JavaThread "Sweeper thread" daemon [_thread_blocked, id=10436, stack(0x000000ac43300000,0x000000ac43400000)]
  0x0000024d5307ae20 JavaThread "Common-Cleaner" daemon [_thread_blocked, id=8484, stack(0x000000ac43400000,0x000000ac43500000)]
  0x0000024d535c4800 JavaThread "Monitor Ctrl-Break" daemon [_thread_in_native, id=1096, stack(0x000000ac43600000,0x000000ac43700000)]
  0x0000024d53219e70 JavaThread "Notification Thread" daemon [_thread_blocked, id=18384, stack(0x000000ac43700000,0x000000ac43800000)]
  0x0000024d534d3880 JavaThread "Java2D Disposer" daemon [_thread_blocked, id=18180, stack(0x000000ac43900000,0x000000ac43a00000)]
  0x0000024d535175f0 JavaThread "AWT-Shutdown" [_thread_blocked, id=18400, stack(0x000000ac43a00000,0x000000ac43b00000)]
=>0x0000024d5339e1b0 JavaThread "AWT-Windows" daemon [_thread_in_native, id=16020, stack(0x000000ac43b00000,0x000000ac43c00000)]
  0x0000024d590d4ff0 JavaThread "AWT-EventQueue-0" [_thread_in_native, id=9052, stack(0x000000ac43500000,0x000000ac43600000)]
  0x0000024d3447e510 JavaThread "DestroyJavaVM" [_thread_blocked, id=12500, stack(0x000000ac42400000,0x000000ac42500000)]
  0x0000024d59466040 JavaThread "Swing-Shell" daemon [_thread_blocked, id=10544, stack(0x000000ac44800000,0x000000ac44900000)]
  0x0000024d594390c0 JavaThread "TimerQueue" daemon [_thread_blocked, id=8380, stack(0x000000ac44b00000,0x000000ac44c00000)]
  0x0000024d59439a60 JavaThread "media-events" daemon [_thread_in_native, id=7028, stack(0x000000ac44c00000,0x000000ac44d00000)]
  0x0000024d598002c0 JavaThread "media-player-events" daemon [_thread_in_native, id=6968, stack(0x000000ac45200000,0x000000ac45300000)]
  0x0000024d597fef80 JavaThread "media-player-events" daemon [_thread_in_native, id=5324, stack(0x000000ac43e00000,0x000000ac43f00000)]
  0x0000024d597feab0 JavaThread "media-events" daemon [_thread_in_native, id=9324, stack(0x000000ac44d00000,0x000000ac44e00000)]
  0x0000024d597fd770 JavaThread "media-player-events" daemon [_thread_in_native, id=8812, stack(0x000000ac45d00000,0x000000ac45e00000)]
  0x0000024d59801ad0 JavaThread "media-player-events" daemon [_thread_in_native, id=3092, stack(0x000000ac46a00000,0x000000ac46b00000)]
  0x0000024d59801130 JavaThread "media-events" daemon [_thread_in_native, id=1648, stack(0x000000ac43c00000,0x000000ac43d00000)]
  0x0000024d59801600 JavaThread "media-events" daemon [_thread_in_native, id=8644, stack(0x000000ac47400000,0x000000ac47500000)]
  0x0000024d597ff450 JavaThread "media-player-events" daemon [_thread_in_native, id=11172, stack(0x000000ac45b00000,0x000000ac45c00000)]

Other Threads:
  0x0000024d5244d910 VMThread "VM Thread" [stack: 0x000000ac42a00000,0x000000ac42b00000] [id=17504]
  0x0000024d344d57f0 WatcherThread [stack: 0x000000ac43800000,0x000000ac43900000] [id=13348]
  0x0000024d321fafa0 GCTaskThread "GC Thread#0" [stack: 0x000000ac42500000,0x000000ac42600000] [id=9748]
  0x0000024d5912d4c0 GCTaskThread "GC Thread#1" [stack: 0x000000ac43f00000,0x000000ac44000000] [id=12588]
  0x0000024d5912db80 GCTaskThread "GC Thread#2" [stack: 0x000000ac44000000,0x000000ac44100000] [id=2164]
  0x0000024d5912de30 GCTaskThread "GC Thread#3" [stack: 0x000000ac44100000,0x000000ac44200000] [id=15836]
  0x0000024d5912ed00 GCTaskThread "GC Thread#4" [stack: 0x000000ac44200000,0x000000ac44300000] [id=5236]
  0x0000024d59167430 GCTaskThread "GC Thread#5" [stack: 0x000000ac44300000,0x000000ac44400000] [id=6040]
  0x0000024d591959a0 GCTaskThread "GC Thread#6" [stack: 0x000000ac44400000,0x000000ac44500000] [id=18312]
  0x0000024d59a56070 GCTaskThread "GC Thread#7" [stack: 0x000000ac45100000,0x000000ac45200000] [id=15924]
  0x0000024d344ccd00 ConcurrentGCThread "G1 Main Marker" [stack: 0x000000ac42600000,0x000000ac42700000] [id=11232]
  0x0000024d321fc3b0 ConcurrentGCThread "G1 Conc#0" [stack: 0x000000ac42700000,0x000000ac42800000] [id=8292]
  0x0000024d59a56320 ConcurrentGCThread "G1 Conc#1" [stack: 0x000000ac46800000,0x000000ac46900000] [id=9368]
  0x0000024d34548380 ConcurrentGCThread "G1 Refine#0" [stack: 0x000000ac42800000,0x000000ac42900000] [id=16268]
  0x0000024d52310090 ConcurrentGCThread "G1 Service" [stack: 0x000000ac42900000,0x000000ac42a00000] [id=8892]

Threads with active compile tasks:
C2 CompilerThread0    42942 4067       4       javax.swing.plaf.nimbus.NimbusStyle::validate (1150 bytes)

VM state: not at safepoint (normal execution)

VM Mutex/Monitor currently owned by a thread: None

Heap address: 0x0000000082a00000, size: 2006 MB, Compressed Oops mode: 32-bit

CDS archive(s) mapped at: [0x0000000800000000-0x0000000800bc0000-0x0000000800bc0000), size 12320768, SharedBaseAddress: 0x0000000800000000, ArchiveRelocationMode: 0.
Compressed class space mapped at: 0x0000000800c00000-0x0000000840c00000, reserved size: 1073741824
Narrow klass base: 0x0000000800000000, Narrow klass shift: 0, Narrow klass range: 0x100000000

GC Precious Log:
 CPUs: 8 total, 8 available
 Memory: 8023M
 Large Page Support: Disabled
 NUMA Support: Disabled
 Compressed Oops: Enabled (32-bit)
 Heap Region Size: 1M
 Heap Min Capacity: 8M
 Heap Initial Capacity: 126M
 Heap Max Capacity: 2006M
 Pre-touch: Disabled
 Parallel Workers: 8
 Concurrent Workers: 2
 Concurrent Refinement Workers: 8
 Periodic GC: Disabled

Heap:
 garbage-first heap   total 166912K, used 69795K [0x0000000082a00000, 0x0000000100000000)
  region size 1024K, 6 young (6144K), 1 survivors (1024K)
 Metaspace       used 18833K, committed 19136K, reserved 1073152K
  class space    used 2167K, committed 2304K, reserved 1048576K

Heap Regions: E=young(eden), S=young(survivor), O=old, HS=humongous(starts), HC=humongous(continues), CS=collection set, F=free, OA=open archive, CA=closed archive, TAMS=top-at-mark-start (previous, next)
|   0|0x0000000082a00000, 0x0000000082b00000, 0x0000000082b00000|100%|HS|  |TAMS 0x0000000082b00000, 0x0000000082a00000| Complete 
|   1|0x0000000082b00000, 0x0000000082c00000, 0x0000000082c00000|100%|HC|  |TAMS 0x0000000082c00000, 0x0000000082b00000| Complete 
|   2|0x0000000082c00000, 0x0000000082d00000, 0x0000000082d00000|100%|HC|  |TAMS 0x0000000082d00000, 0x0000000082c00000| Complete 
|   3|0x0000000082d00000, 0x0000000082e00000, 0x0000000082e00000|100%|HC|  |TAMS 0x0000000082e00000, 0x0000000082d00000| Complete 
|   4|0x0000000082e00000, 0x0000000082f00000, 0x0000000082f00000|100%|HS|  |TAMS 0x0000000082f00000, 0x0000000082e00000| Complete 
|   5|0x0000000082f00000, 0x0000000083000000, 0x0000000083000000|100%|HC|  |TAMS 0x0000000083000000, 0x0000000082f00000| Complete 
|   6|0x0000000083000000, 0x0000000083100000, 0x0000000083100000|100%|HC|  |TAMS 0x0000000083100000, 0x0000000083000000| Complete 
|   7|0x0000000083100000, 0x0000000083200000, 0x0000000083200000|100%|HC|  |TAMS 0x0000000083200000, 0x0000000083100000| Complete 
|   8|0x0000000083200000, 0x0000000083300000, 0x0000000083300000|100%|HC|  |TAMS 0x0000000083300000, 0x0000000083200000| Complete 
|   9|0x0000000083300000, 0x0000000083400000, 0x0000000083400000|100%|HC|  |TAMS 0x0000000083400000, 0x0000000083300000| Complete 
|  10|0x0000000083400000, 0x0000000083500000, 0x0000000083500000|100%|HC|  |TAMS 0x0000000083500000, 0x0000000083400000| Complete 
|  11|0x0000000083500000, 0x0000000083600000, 0x0000000083600000|100%|HS|  |TAMS 0x0000000083600000, 0x0000000083500000| Complete 
|  12|0x0000000083600000, 0x0000000083700000, 0x0000000083700000|100%| O|  |TAMS 0x0000000083700000, 0x0000000083600000| Untracked 
|  13|0x0000000083700000, 0x0000000083800000, 0x0000000083800000|100%| O|  |TAMS 0x0000000083800000, 0x0000000083700000| Untracked 
|  14|0x0000000083800000, 0x0000000083900000, 0x0000000083900000|100%| O|  |TAMS 0x0000000083900000, 0x0000000083800000| Untracked 
|  15|0x0000000083900000, 0x0000000083a00000, 0x0000000083a00000|100%|HS|  |TAMS 0x0000000083900000, 0x0000000083900000| Complete 
|  16|0x0000000083a00000, 0x0000000083b00000, 0x0000000083b00000|100%|HC|  |TAMS 0x0000000083a00000, 0x0000000083a00000| Complete 
|  17|0x0000000083b00000, 0x0000000083c00000, 0x0000000083c00000|100%|HC|  |TAMS 0x0000000083b00000, 0x0000000083b00000| Complete 
|  18|0x0000000083c00000, 0x0000000083d00000, 0x0000000083d00000|100%|HC|  |TAMS 0x0000000083c00000, 0x0000000083c00000| Complete 
|  19|0x0000000083d00000, 0x0000000083e00000, 0x0000000083e00000|100%| O|  |TAMS 0x0000000083e00000, 0x0000000083d00000| Untracked 
|  20|0x0000000083e00000, 0x0000000083f00000, 0x0000000083f00000|100%| O|  |TAMS 0x0000000083f00000, 0x0000000083e00000| Untracked 
|  21|0x0000000083f00000, 0x0000000084000000, 0x0000000084000000|100%|HS|  |TAMS 0x0000000084000000, 0x0000000083f00000| Complete 
|  22|0x0000000084000000, 0x0000000084100000, 0x0000000084100000|100%|HC|  |TAMS 0x0000000084100000, 0x0000000084000000| Complete 
|  23|0x0000000084100000, 0x0000000084200000, 0x0000000084200000|100%|HC|  |TAMS 0x0000000084200000, 0x0000000084100000| Complete 
|  24|0x0000000084200000, 0x0000000084300000, 0x0000000084300000|100%|HC|  |TAMS 0x0000000084300000, 0x0000000084200000| Complete 
|  25|0x0000000084300000, 0x0000000084400000, 0x0000000084400000|100%|HC|  |TAMS 0x0000000084400000, 0x0000000084300000| Complete 
|  26|0x0000000084400000, 0x0000000084500000, 0x0000000084500000|100%|HC|  |TAMS 0x0000000084500000, 0x0000000084400000| Complete 
|  27|0x0000000084500000, 0x0000000084600000, 0x0000000084600000|100%|HC|  |TAMS 0x0000000084600000, 0x0000000084500000| Complete 
|  28|0x0000000084600000, 0x0000000084700000, 0x0000000084700000|100%|HC|  |TAMS 0x0000000084700000, 0x0000000084600000| Complete 
|  29|0x0000000084700000, 0x0000000084800000, 0x0000000084800000|100%|HC|  |TAMS 0x0000000084800000, 0x0000000084700000| Complete 
|  30|0x0000000084800000, 0x0000000084900000, 0x0000000084900000|100%|HC|  |TAMS 0x0000000084900000, 0x0000000084800000| Complete 
|  31|0x0000000084900000, 0x0000000084a00000, 0x0000000084a00000|100%|HS|  |TAMS 0x0000000084a00000, 0x0000000084900000| Complete 
|  32|0x0000000084a00000, 0x0000000084b00000, 0x0000000084b00000|100%|HC|  |TAMS 0x0000000084b00000, 0x0000000084a00000| Complete 
|  33|0x0000000084b00000, 0x0000000084c00000, 0x0000000084c00000|100%|HS|  |TAMS 0x0000000084c00000, 0x0000000084b00000| Complete 
|  34|0x0000000084c00000, 0x0000000084d00000, 0x0000000084d00000|100%|HC|  |TAMS 0x0000000084d00000, 0x0000000084c00000| Complete 
|  35|0x0000000084d00000, 0x0000000084e00000, 0x0000000084e00000|100%|HC|  |TAMS 0x0000000084e00000, 0x0000000084d00000| Complete 
|  36|0x0000000084e00000, 0x0000000084f00000, 0x0000000084f00000|100%|HC|  |TAMS 0x0000000084f00000, 0x0000000084e00000| Complete 
|  37|0x0000000084f00000, 0x0000000084f00000, 0x0000000085000000|  0%| F|  |TAMS 0x0000000084f00000, 0x0000000084f00000| Untracked 
|  38|0x0000000085000000, 0x0000000085000000, 0x0000000085100000|  0%| F|  |TAMS 0x0000000085000000, 0x0000000085000000| Untracked 
|  39|0x0000000085100000, 0x0000000085100000, 0x0000000085200000|  0%| F|  |TAMS 0x0000000085100000, 0x0000000085100000| Untracked 
|  40|0x0000000085200000, 0x0000000085200000, 0x0000000085300000|  0%| F|  |TAMS 0x0000000085200000, 0x0000000085200000| Untracked 
|  41|0x0000000085300000, 0x0000000085400000, 0x0000000085400000|100%|HS|  |TAMS 0x0000000085400000, 0x0000000085300000| Complete 
|  42|0x0000000085400000, 0x0000000085500000, 0x0000000085500000|100%|HS|  |TAMS 0x0000000085500000, 0x0000000085400000| Complete 
|  43|0x0000000085500000, 0x0000000085600000, 0x0000000085600000|100%|HC|  |TAMS 0x0000000085600000, 0x0000000085500000| Complete 
|  44|0x0000000085600000, 0x0000000085700000, 0x0000000085700000|100%|HC|  |TAMS 0x0000000085700000, 0x0000000085600000| Complete 
|  45|0x0000000085700000, 0x0000000085800000, 0x0000000085800000|100%|HS|  |TAMS 0x0000000085800000, 0x0000000085700000| Complete 
|  46|0x0000000085800000, 0x0000000085900000, 0x0000000085900000|100%| O|  |TAMS 0x0000000085900000, 0x0000000085800000| Untracked 
|  47|0x0000000085900000, 0x0000000085900000, 0x0000000085a00000|  0%| F|  |TAMS 0x0000000085900000, 0x0000000085900000| Untracked 
|  48|0x0000000085a00000, 0x0000000085b00000, 0x0000000085b00000|100%| O|  |TAMS 0x0000000085b00000, 0x0000000085a00000| Untracked 
|  49|0x0000000085b00000, 0x0000000085c00000, 0x0000000085c00000|100%| O|  |TAMS 0x0000000085c00000, 0x0000000085b00000| Untracked 
|  50|0x0000000085c00000, 0x0000000085c00000, 0x0000000085d00000|  0%| F|  |TAMS 0x0000000085c00000, 0x0000000085c00000| Untracked 
|  51|0x0000000085d00000, 0x0000000085d00000, 0x0000000085e00000|  0%| F|  |TAMS 0x0000000085d00000, 0x0000000085d00000| Untracked 
|  52|0x0000000085e00000, 0x0000000085e00000, 0x0000000085f00000|  0%| F|  |TAMS 0x0000000085e00000, 0x0000000085e00000| Untracked 
|  53|0x0000000085f00000, 0x0000000085f00000, 0x0000000086000000|  0%| F|  |TAMS 0x0000000085f00000, 0x0000000085f00000| Untracked 
|  54|0x0000000086000000, 0x0000000086100000, 0x0000000086100000|100%| O|  |TAMS 0x0000000086100000, 0x0000000086000000| Untracked 
|  55|0x0000000086100000, 0x000000008618ce00, 0x0000000086200000| 55%| O|  |TAMS 0x000000008618ce00, 0x0000000086100000| Untracked 
|  56|0x0000000086200000, 0x0000000086200000, 0x0000000086300000|  0%| F|  |TAMS 0x0000000086200000, 0x0000000086200000| Untracked 
|  57|0x0000000086300000, 0x0000000086300000, 0x0000000086400000|  0%| F|  |TAMS 0x0000000086300000, 0x0000000086300000| Untracked 
|  58|0x0000000086400000, 0x0000000086500000, 0x0000000086500000|100%| O|  |TAMS 0x0000000086500000, 0x0000000086400000| Untracked 
|  59|0x0000000086500000, 0x0000000086600000, 0x0000000086600000|100%|HS|  |TAMS 0x0000000086600000, 0x0000000086500000| Complete 
|  60|0x0000000086600000, 0x0000000086700000, 0x0000000086700000|100%|HC|  |TAMS 0x0000000086700000, 0x0000000086600000| Complete 
|  61|0x0000000086700000, 0x0000000086800000, 0x0000000086800000|100%|HC|  |TAMS 0x0000000086800000, 0x0000000086700000| Complete 
|  62|0x0000000086800000, 0x0000000086900000, 0x0000000086900000|100%|HC|  |TAMS 0x0000000086900000, 0x0000000086800000| Complete 
|  63|0x0000000086900000, 0x0000000086900000, 0x0000000086a00000|  0%| F|  |TAMS 0x0000000086900000, 0x0000000086900000| Untracked 
|  64|0x0000000086a00000, 0x0000000086a00000, 0x0000000086b00000|  0%| F|  |TAMS 0x0000000086a00000, 0x0000000086a00000| Untracked 
|  65|0x0000000086b00000, 0x0000000086b00000, 0x0000000086c00000|  0%| F|  |TAMS 0x0000000086b00000, 0x0000000086b00000| Untracked 
|  66|0x0000000086c00000, 0x0000000086c00000, 0x0000000086d00000|  0%| F|  |TAMS 0x0000000086c00000, 0x0000000086c00000| Untracked 
|  67|0x0000000086d00000, 0x0000000086e00000, 0x0000000086e00000|100%|HS|  |TAMS 0x0000000086e00000, 0x0000000086d00000| Complete 
|  68|0x0000000086e00000, 0x0000000086f00000, 0x0000000086f00000|100%|HC|  |TAMS 0x0000000086f00000, 0x0000000086e00000| Complete 
|  69|0x0000000086f00000, 0x0000000087000000, 0x0000000087000000|100%|HC|  |TAMS 0x0000000087000000, 0x0000000086f00000| Complete 
|  70|0x0000000087000000, 0x0000000087100000, 0x0000000087100000|100%|HC|  |TAMS 0x0000000087100000, 0x0000000087000000| Complete 
|  71|0x0000000087100000, 0x0000000087200000, 0x0000000087200000|100%|HC|  |TAMS 0x0000000087200000, 0x0000000087100000| Complete 
|  72|0x0000000087200000, 0x0000000087300000, 0x0000000087300000|100%|HC|  |TAMS 0x0000000087300000, 0x0000000087200000| Complete 
|  73|0x0000000087300000, 0x0000000087400000, 0x0000000087400000|100%|HC|  |TAMS 0x0000000087400000, 0x0000000087300000| Complete 
|  74|0x0000000087400000, 0x0000000087500000, 0x0000000087500000|100%|HC|  |TAMS 0x0000000087500000, 0x0000000087400000| Complete 
|  75|0x0000000087500000, 0x0000000087600000, 0x0000000087600000|100%|HS|  |TAMS 0x0000000087500000, 0x0000000087500000| Complete 
|  76|0x0000000087600000, 0x0000000087700000, 0x0000000087700000|100%|HC|  |TAMS 0x0000000087600000, 0x0000000087600000| Complete 
|  77|0x0000000087700000, 0x0000000087800000, 0x0000000087800000|100%|HC|  |TAMS 0x0000000087700000, 0x0000000087700000| Complete 
|  78|0x0000000087800000, 0x0000000087900000, 0x0000000087900000|100%|HC|  |TAMS 0x0000000087800000, 0x0000000087800000| Complete 
|  79|0x0000000087900000, 0x0000000087900000, 0x0000000087a00000|  0%| F|  |TAMS 0x0000000087900000, 0x0000000087900000| Untracked 
|  80|0x0000000087a00000, 0x0000000087a00000, 0x0000000087b00000|  0%| F|  |TAMS 0x0000000087a00000, 0x0000000087a00000| Untracked 
|  81|0x0000000087b00000, 0x0000000087b00000, 0x0000000087c00000|  0%| F|  |TAMS 0x0000000087b00000, 0x0000000087b00000| Untracked 
|  82|0x0000000087c00000, 0x0000000087c00000, 0x0000000087d00000|  0%| F|  |TAMS 0x0000000087c00000, 0x0000000087c00000| Untracked 
|  83|0x0000000087d00000, 0x0000000087d00000, 0x0000000087e00000|  0%| F|  |TAMS 0x0000000087d00000, 0x0000000087d00000| Untracked 
|  84|0x0000000087e00000, 0x0000000087e00000, 0x0000000087f00000|  0%| F|  |TAMS 0x0000000087e00000, 0x0000000087e00000| Untracked 
|  85|0x0000000087f00000, 0x0000000087f00000, 0x0000000088000000|  0%| F|  |TAMS 0x0000000087f00000, 0x0000000087f00000| Untracked 
|  86|0x0000000088000000, 0x0000000088000000, 0x0000000088100000|  0%| F|  |TAMS 0x0000000088000000, 0x0000000088000000| Untracked 
|  87|0x0000000088100000, 0x0000000088100000, 0x0000000088200000|  0%| F|  |TAMS 0x0000000088100000, 0x0000000088100000| Untracked 
|  88|0x0000000088200000, 0x0000000088200000, 0x0000000088300000|  0%| F|  |TAMS 0x0000000088200000, 0x0000000088200000| Untracked 
|  89|0x0000000088300000, 0x0000000088300000, 0x0000000088400000|  0%| F|  |TAMS 0x0000000088300000, 0x0000000088300000| Untracked 
|  90|0x0000000088400000, 0x0000000088400000, 0x0000000088500000|  0%| F|  |TAMS 0x0000000088400000, 0x0000000088400000| Untracked 
|  91|0x0000000088500000, 0x0000000088500000, 0x0000000088600000|  0%| F|  |TAMS 0x0000000088500000, 0x0000000088500000| Untracked 
|  92|0x0000000088600000, 0x0000000088600000, 0x0000000088700000|  0%| F|  |TAMS 0x0000000088600000, 0x0000000088600000| Untracked 
|  93|0x0000000088700000, 0x0000000088700000, 0x0000000088800000|  0%| F|  |TAMS 0x0000000088700000, 0x0000000088700000| Untracked 
|  94|0x0000000088800000, 0x0000000088800000, 0x0000000088900000|  0%| F|  |TAMS 0x0000000088800000, 0x0000000088800000| Untracked 
|  95|0x0000000088900000, 0x0000000088900000, 0x0000000088a00000|  0%| F|  |TAMS 0x0000000088900000, 0x0000000088900000| Untracked 
|  96|0x0000000088a00000, 0x0000000088a00000, 0x0000000088b00000|  0%| F|  |TAMS 0x0000000088a00000, 0x0000000088a00000| Untracked 
|  97|0x0000000088b00000, 0x0000000088b00000, 0x0000000088c00000|  0%| F|  |TAMS 0x0000000088b00000, 0x0000000088b00000| Untracked 
|  98|0x0000000088c00000, 0x0000000088c00000, 0x0000000088d00000|  0%| F|  |TAMS 0x0000000088c00000, 0x0000000088c00000| Untracked 
|  99|0x0000000088d00000, 0x0000000088d00000, 0x0000000088e00000|  0%| F|  |TAMS 0x0000000088d00000, 0x0000000088d00000| Untracked 
| 100|0x0000000088e00000, 0x0000000088e00000, 0x0000000088f00000|  0%| F|  |TAMS 0x0000000088e00000, 0x0000000088e00000| Untracked 
| 101|0x0000000088f00000, 0x0000000088f00000, 0x0000000089000000|  0%| F|  |TAMS 0x0000000088f00000, 0x0000000088f00000| Untracked 
| 102|0x0000000089000000, 0x0000000089000000, 0x0000000089100000|  0%| F|  |TAMS 0x0000000089000000, 0x0000000089000000| Untracked 
| 103|0x0000000089100000, 0x0000000089100000, 0x0000000089200000|  0%| F|  |TAMS 0x0000000089100000, 0x0000000089100000| Untracked 
| 104|0x0000000089200000, 0x0000000089200000, 0x0000000089300000|  0%| F|  |TAMS 0x0000000089200000, 0x0000000089200000| Untracked 
| 105|0x0000000089300000, 0x0000000089300000, 0x0000000089400000|  0%| F|  |TAMS 0x0000000089300000, 0x0000000089300000| Untracked 
| 106|0x0000000089400000, 0x0000000089400000, 0x0000000089500000|  0%| F|  |TAMS 0x0000000089400000, 0x0000000089400000| Untracked 
| 107|0x0000000089500000, 0x0000000089500000, 0x0000000089600000|  0%| F|  |TAMS 0x0000000089500000, 0x0000000089500000| Untracked 
| 108|0x0000000089600000, 0x0000000089600000, 0x0000000089700000|  0%| F|  |TAMS 0x0000000089600000, 0x0000000089600000| Untracked 
| 109|0x0000000089700000, 0x0000000089700000, 0x0000000089800000|  0%| F|  |TAMS 0x0000000089700000, 0x0000000089700000| Untracked 
| 110|0x0000000089800000, 0x0000000089800000, 0x0000000089900000|  0%| F|  |TAMS 0x0000000089800000, 0x0000000089800000| Untracked 
| 111|0x0000000089900000, 0x0000000089900000, 0x0000000089a00000|  0%| F|  |TAMS 0x0000000089900000, 0x0000000089900000| Untracked 
| 112|0x0000000089a00000, 0x0000000089a00000, 0x0000000089b00000|  0%| F|  |TAMS 0x0000000089a00000, 0x0000000089a00000| Untracked 
| 113|0x0000000089b00000, 0x0000000089b00000, 0x0000000089c00000|  0%| F|  |TAMS 0x0000000089b00000, 0x0000000089b00000| Untracked 
| 114|0x0000000089c00000, 0x0000000089c00000, 0x0000000089d00000|  0%| F|  |TAMS 0x0000000089c00000, 0x0000000089c00000| Untracked 
| 115|0x0000000089d00000, 0x0000000089d00000, 0x0000000089e00000|  0%| F|  |TAMS 0x0000000089d00000, 0x0000000089d00000| Untracked 
| 116|0x0000000089e00000, 0x0000000089e00000, 0x0000000089f00000|  0%| F|  |TAMS 0x0000000089e00000, 0x0000000089e00000| Untracked 
| 117|0x0000000089f00000, 0x0000000089f00000, 0x000000008a000000|  0%| F|  |TAMS 0x0000000089f00000, 0x0000000089f00000| Untracked 
| 118|0x000000008a000000, 0x000000008a000000, 0x000000008a100000|  0%| F|  |TAMS 0x000000008a000000, 0x000000008a000000| Untracked 
| 119|0x000000008a100000, 0x000000008a100000, 0x000000008a200000|  0%| F|  |TAMS 0x000000008a100000, 0x000000008a100000| Untracked 
| 120|0x000000008a200000, 0x000000008a200000, 0x000000008a300000|  0%| F|  |TAMS 0x000000008a200000, 0x000000008a200000| Untracked 
| 121|0x000000008a300000, 0x000000008a300000, 0x000000008a400000|  0%| F|  |TAMS 0x000000008a300000, 0x000000008a300000| Untracked 
| 122|0x000000008a400000, 0x000000008a400000, 0x000000008a500000|  0%| F|  |TAMS 0x000000008a400000, 0x000000008a400000| Untracked 
| 123|0x000000008a500000, 0x000000008a500000, 0x000000008a600000|  0%| F|  |TAMS 0x000000008a500000, 0x000000008a500000| Untracked 
| 124|0x000000008a600000, 0x000000008a600000, 0x000000008a700000|  0%| F|  |TAMS 0x000000008a600000, 0x000000008a600000| Untracked 
| 125|0x000000008a700000, 0x000000008a700000, 0x000000008a800000|  0%| F|  |TAMS 0x000000008a700000, 0x000000008a700000| Untracked 
| 126|0x000000008a800000, 0x000000008a800000, 0x000000008a900000|  0%| F|  |TAMS 0x000000008a800000, 0x000000008a800000| Untracked 
| 127|0x000000008a900000, 0x000000008a900000, 0x000000008aa00000|  0%| F|  |TAMS 0x000000008a900000, 0x000000008a900000| Untracked 
| 128|0x000000008aa00000, 0x000000008aa00000, 0x000000008ab00000|  0%| F|  |TAMS 0x000000008aa00000, 0x000000008aa00000| Untracked 
| 129|0x000000008ab00000, 0x000000008ab00000, 0x000000008ac00000|  0%| F|  |TAMS 0x000000008ab00000, 0x000000008ab00000| Untracked 
| 130|0x000000008ac00000, 0x000000008ac00000, 0x000000008ad00000|  0%| F|  |TAMS 0x000000008ac00000, 0x000000008ac00000| Untracked 
| 131|0x000000008ad00000, 0x000000008ad00000, 0x000000008ae00000|  0%| F|  |TAMS 0x000000008ad00000, 0x000000008ad00000| Untracked 
| 132|0x000000008ae00000, 0x000000008ae00000, 0x000000008af00000|  0%| F|  |TAMS 0x000000008ae00000, 0x000000008ae00000| Untracked 
| 133|0x000000008af00000, 0x000000008af00000, 0x000000008b000000|  0%| F|  |TAMS 0x000000008af00000, 0x000000008af00000| Untracked 
| 134|0x000000008b000000, 0x000000008b000000, 0x000000008b100000|  0%| F|  |TAMS 0x000000008b000000, 0x000000008b000000| Untracked 
| 135|0x000000008b100000, 0x000000008b100000, 0x000000008b200000|  0%| F|  |TAMS 0x000000008b100000, 0x000000008b100000| Untracked 
| 136|0x000000008b200000, 0x000000008b200000, 0x000000008b300000|  0%| F|  |TAMS 0x000000008b200000, 0x000000008b200000| Untracked 
| 137|0x000000008b300000, 0x000000008b300000, 0x000000008b400000|  0%| F|  |TAMS 0x000000008b300000, 0x000000008b300000| Untracked 
| 138|0x000000008b400000, 0x000000008b400000, 0x000000008b500000|  0%| F|  |TAMS 0x000000008b400000, 0x000000008b400000| Untracked 
| 139|0x000000008b500000, 0x000000008b500000, 0x000000008b600000|  0%| F|  |TAMS 0x000000008b500000, 0x000000008b500000| Untracked 
| 140|0x000000008b600000, 0x000000008b69bed8, 0x000000008b700000| 60%| S|CS|TAMS 0x000000008b600000, 0x000000008b600000| Complete 
| 141|0x000000008b700000, 0x000000008b700000, 0x000000008b800000|  0%| F|  |TAMS 0x000000008b700000, 0x000000008b700000| Untracked 
| 142|0x000000008b800000, 0x000000008b800000, 0x000000008b900000|  0%| F|  |TAMS 0x000000008b800000, 0x000000008b800000| Untracked 
| 143|0x000000008b900000, 0x000000008b900000, 0x000000008ba00000|  0%| F|  |TAMS 0x000000008b900000, 0x000000008b900000| Untracked 
| 144|0x000000008ba00000, 0x000000008ba00000, 0x000000008bb00000|  0%| F|  |TAMS 0x000000008ba00000, 0x000000008ba00000| Untracked 
| 145|0x000000008bb00000, 0x000000008bb00000, 0x000000008bc00000|  0%| F|  |TAMS 0x000000008bb00000, 0x000000008bb00000| Untracked 
| 146|0x000000008bc00000, 0x000000008bc00000, 0x000000008bd00000|  0%| F|  |TAMS 0x000000008bc00000, 0x000000008bc00000| Untracked 
| 147|0x000000008bd00000, 0x000000008bd00000, 0x000000008be00000|  0%| F|  |TAMS 0x000000008bd00000, 0x000000008bd00000| Untracked 
| 148|0x000000008be00000, 0x000000008be00000, 0x000000008bf00000|  0%| F|  |TAMS 0x000000008be00000, 0x000000008be00000| Untracked 
| 149|0x000000008bf00000, 0x000000008bf00000, 0x000000008c000000|  0%| F|  |TAMS 0x000000008bf00000, 0x000000008bf00000| Untracked 
| 150|0x000000008c000000, 0x000000008c000000, 0x000000008c100000|  0%| F|  |TAMS 0x000000008c000000, 0x000000008c000000| Untracked 
| 151|0x000000008c100000, 0x000000008c100000, 0x000000008c200000|  0%| F|  |TAMS 0x000000008c100000, 0x000000008c100000| Untracked 
| 152|0x000000008c200000, 0x000000008c200000, 0x000000008c300000|  0%| F|  |TAMS 0x000000008c200000, 0x000000008c200000| Untracked 
| 153|0x000000008c300000, 0x000000008c300000, 0x000000008c400000|  0%| F|  |TAMS 0x000000008c300000, 0x000000008c300000| Untracked 
| 154|0x000000008c400000, 0x000000008c400000, 0x000000008c500000|  0%| F|  |TAMS 0x000000008c400000, 0x000000008c400000| Untracked 
| 155|0x000000008c500000, 0x000000008c500000, 0x000000008c600000|  0%| F|  |TAMS 0x000000008c500000, 0x000000008c500000| Untracked 
| 156|0x000000008c600000, 0x000000008c600000, 0x000000008c700000|  0%| F|  |TAMS 0x000000008c600000, 0x000000008c600000| Untracked 
| 157|0x000000008c700000, 0x000000008c700000, 0x000000008c800000|  0%| F|  |TAMS 0x000000008c700000, 0x000000008c700000| Untracked 
| 158|0x000000008c800000, 0x000000008c900000, 0x000000008c900000|100%| E|  |TAMS 0x000000008c800000, 0x000000008c800000| Complete 
| 159|0x000000008c900000, 0x000000008ca00000, 0x000000008ca00000|100%| E|CS|TAMS 0x000000008c900000, 0x000000008c900000| Complete 
| 160|0x000000008ca00000, 0x000000008cb00000, 0x000000008cb00000|100%| E|CS|TAMS 0x000000008ca00000, 0x000000008ca00000| Complete 
| 161|0x000000008cb00000, 0x000000008cc00000, 0x000000008cc00000|100%| E|CS|TAMS 0x000000008cb00000, 0x000000008cb00000| Complete 
| 162|0x000000008cc00000, 0x000000008cd00000, 0x000000008cd00000|100%| E|CS|TAMS 0x000000008cc00000, 0x000000008cc00000| Complete 

Card table byte_map: [0x0000024d4b3e0000,0x0000024d4b7d0000] _byte_map_base: 0x0000024d4afcb000

Marking Bits (Prev, Next): (CMBitMap*) 0x0000024d321fb5b0, (CMBitMap*) 0x0000024d321fb5f0
 Prev Bits: [0x0000024d4bbc0000, 0x0000024d4db18000)
 Next Bits: [0x0000024d4db20000, 0x0000024d4fa78000)

Polling page: 0x0000024d323b0000

Metaspace:

Usage:
  Non-class:     16.28 MB used.
      Class:      2.12 MB used.
       Both:     18.39 MB used.

Virtual space:
  Non-class space:       24.00 MB reserved,      16.44 MB ( 68%) committed,  3 nodes.
      Class space:        1.00 GB reserved,       2.25 MB ( <1%) committed,  1 nodes.
             Both:        1.02 GB reserved,      18.69 MB (  2%) committed. 

Chunk freelists:
   Non-Class:  2.79 MB
       Class:  1.60 MB
        Both:  4.39 MB

MaxMetaspaceSize: unlimited
CompressedClassSpaceSize: 1.00 GB
Initial GC threshold: 21.00 MB
Current GC threshold: 31.19 MB
CDS: on
MetaspaceReclaimPolicy: balanced
 - commit_granule_bytes: 65536.
 - commit_granule_words: 8192.
 - virtual_space_node_default_size: 1048576.
 - enlarge_chunks_in_place: 1.
 - new_chunks_are_fully_committed: 0.
 - uncommit_free_chunks: 1.
 - use_allocation_guard: 0.
 - handle_deallocations: 1.


Internal statistics:

num_allocs_failed_limit: 0.
num_arena_births: 258.
num_arena_deaths: 0.
num_vsnodes_births: 4.
num_vsnodes_deaths: 0.
num_space_committed: 299.
num_space_uncommitted: 0.
num_chunks_returned_to_freelist: 0.
num_chunks_taken_from_freelist: 513.
num_chunk_merges: 0.
num_chunk_splits: 273.
num_chunks_enlarged: 122.
num_purges: 0.
num_inconsistent_stats: 0.

CodeHeap 'non-profiled nmethods': size=120000Kb used=2470Kb max_used=2470Kb free=117529Kb
 bounds [0x0000024d43790000, 0x0000024d43a00000, 0x0000024d4acc0000]
CodeHeap 'profiled nmethods': size=120000Kb used=8468Kb max_used=8468Kb free=111531Kb
 bounds [0x0000024d3c260000, 0x0000024d3cab0000, 0x0000024d43790000]
CodeHeap 'non-nmethods': size=5760Kb used=1359Kb max_used=1442Kb free=4400Kb
 bounds [0x0000024d3bcc0000, 0x0000024d3bf30000, 0x0000024d3c260000]
 total_blobs=4815 nmethods=4106 adapters=619
 compilation: enabled
              stopped_count=0, restarted_count=0
 full_count=0

Compilation events (20 events):
Event: 42.673 Thread 0x0000024d524787d0 4104       3       uk.co.caprica.vlcj.binding.internal.media_freed::<init> (5 bytes)
Event: 42.673 Thread 0x0000024d524787d0 nmethod 4104 0x0000024d3caa0910 code [0x0000024d3caa0ac0, 0x0000024d3caa0d48]
Event: 42.673 Thread 0x0000024d524787d0 4105       3       uk.co.caprica.vlcj.binding.internal.media_state_changed::<init> (5 bytes)
Event: 42.673 Thread 0x0000024d524787d0 nmethod 4105 0x0000024d3caa0e90 code [0x0000024d3caa1040, 0x0000024d3caa12c8]
Event: 42.673 Thread 0x0000024d524787d0 4106       3       uk.co.caprica.vlcj.binding.internal.media_thumbnail_generated::<init> (5 bytes)
Event: 42.673 Thread 0x0000024d524787d0 nmethod 4106 0x0000024d3caa1410 code [0x0000024d3caa15c0, 0x0000024d3caa1848]
Event: 42.673 Thread 0x0000024d524787d0 4107       3       uk.co.caprica.vlcj.binding.internal.media_player_time_changed::<init> (5 bytes)
Event: 42.673 Thread 0x0000024d524787d0 nmethod 4107 0x0000024d3caa1990 code [0x0000024d3caa1b40, 0x0000024d3caa1dc8]
Event: 42.674 Thread 0x0000024d524787d0 4108       3       uk.co.caprica.vlcj.binding.internal.media_player_title_changed::<init> (5 bytes)
Event: 42.674 Thread 0x0000024d524787d0 nmethod 4108 0x0000024d3caa1f10 code [0x0000024d3caa20c0, 0x0000024d3caa2348]
Event: 42.674 Thread 0x0000024d524787d0 4109       3       uk.co.caprica.vlcj.binding.internal.media_player_position_changed::<init> (5 bytes)
Event: 42.674 Thread 0x0000024d524787d0 nmethod 4109 0x0000024d3caa2490 code [0x0000024d3caa2640, 0x0000024d3caa28c8]
Event: 42.674 Thread 0x0000024d524787d0 4110       3       uk.co.caprica.vlcj.binding.internal.media_player_scrambled_changed::<init> (5 bytes)
Event: 42.674 Thread 0x0000024d524787d0 nmethod 4110 0x0000024d3caa2a10 code [0x0000024d3caa2bc0, 0x0000024d3caa2e48]
Event: 42.680 Thread 0x0000024d524787d0 4111       3       uk.co.caprica.vlcj.support.eventmanager.NativeEventManager$EventCallback::callback (30 bytes)
Event: 42.681 Thread 0x0000024d524787d0 nmethod 4111 0x0000024d3caa2f90 code [0x0000024d3caa3140, 0x0000024d3caa3398]
Event: 42.693 Thread 0x0000024d524787d0 4112   !   3       javax.swing.plaf.nimbus.SynthPainterImpl::paint (163 bytes)
Event: 42.695 Thread 0x0000024d524787d0 nmethod 4112 0x0000024d3caa3490 code [0x0000024d3caa37a0, 0x0000024d3caa4678]
Event: 42.712 Thread 0x0000024d524787d0 4113       3       java.nio.ByteBuffer::limit (8 bytes)
Event: 42.713 Thread 0x0000024d524787d0 nmethod 4113 0x0000024d3caa4e10 code [0x0000024d3caa4fa0, 0x0000024d3caa50e8]

GC Heap History (20 events):
Event: 29.159 GC heap before
{Heap before GC invocations=14 (full 0):
 garbage-first heap   total 166912K, used 144288K [0x0000000082a00000, 0x0000000100000000)
  region size 1024K, 74 young (75776K), 1 survivors (1024K)
 Metaspace       used 18677K, committed 18944K, reserved 1073152K
  class space    used 2167K, committed 2304K, reserved 1048576K
}
Event: 29.161 GC heap after
{Heap after GC invocations=15 (full 0):
 garbage-first heap   total 166912K, used 69393K [0x0000000082a00000, 0x0000000100000000)
  region size 1024K, 1 young (1024K), 1 survivors (1024K)
 Metaspace       used 18677K, committed 18944K, reserved 1073152K
  class space    used 2167K, committed 2304K, reserved 1048576K
}
Event: 31.340 GC heap before
{Heap before GC invocations=15 (full 0):
 garbage-first heap   total 166912K, used 145169K [0x0000000082a00000, 0x0000000100000000)
  region size 1024K, 75 young (76800K), 1 survivors (1024K)
 Metaspace       used 18696K, committed 19008K, reserved 1073152K
  class space    used 2167K, committed 2304K, reserved 1048576K
}
Event: 31.341 GC heap after
{Heap after GC invocations=16 (full 0):
 garbage-first heap   total 166912K, used 69356K [0x0000000082a00000, 0x0000000100000000)
  region size 1024K, 1 young (1024K), 1 survivors (1024K)
 Metaspace       used 18696K, committed 19008K, reserved 1073152K
  class space    used 2167K, committed 2304K, reserved 1048576K
}
Event: 33.545 GC heap before
{Heap before GC invocations=16 (full 0):
 garbage-first heap   total 166912K, used 145132K [0x0000000082a00000, 0x0000000100000000)
  region size 1024K, 75 young (76800K), 1 survivors (1024K)
 Metaspace       used 18717K, committed 19008K, reserved 1073152K
  class space    used 2167K, committed 2304K, reserved 1048576K
}
Event: 33.546 GC heap after
{Heap after GC invocations=17 (full 0):
 garbage-first heap   total 166912K, used 69360K [0x0000000082a00000, 0x0000000100000000)
  region size 1024K, 1 young (1024K), 1 survivors (1024K)
 Metaspace       used 18717K, committed 19008K, reserved 1073152K
  class space    used 2167K, committed 2304K, reserved 1048576K
}
Event: 35.813 GC heap before
{Heap before GC invocations=17 (full 0):
 garbage-first heap   total 166912K, used 146160K [0x0000000082a00000, 0x0000000100000000)
  region size 1024K, 76 young (77824K), 1 survivors (1024K)
 Metaspace       used 18741K, committed 19008K, reserved 1073152K
  class space    used 2167K, committed 2304K, reserved 1048576K
}
Event: 35.814 GC heap after
{Heap after GC invocations=18 (full 0):
 garbage-first heap   total 166912K, used 69387K [0x0000000082a00000, 0x0000000100000000)
  region size 1024K, 1 young (1024K), 1 survivors (1024K)
 Metaspace       used 18741K, committed 19008K, reserved 1073152K
  class space    used 2167K, committed 2304K, reserved 1048576K
}
Event: 37.251 GC heap before
{Heap before GC invocations=18 (full 0):
 garbage-first heap   total 166912K, used 146187K [0x0000000082a00000, 0x0000000100000000)
  region size 1024K, 76 young (77824K), 1 survivors (1024K)
 Metaspace       used 18744K, committed 19008K, reserved 1073152K
  class space    used 2167K, committed 2304K, reserved 1048576K
}
Event: 37.251 GC heap after
{Heap after GC invocations=19 (full 0):
 garbage-first heap   total 166912K, used 69375K [0x0000000082a00000, 0x0000000100000000)
  region size 1024K, 1 young (1024K), 1 survivors (1024K)
 Metaspace       used 18744K, committed 19008K, reserved 1073152K
  class space    used 2167K, committed 2304K, reserved 1048576K
}
Event: 38.622 GC heap before
{Heap before GC invocations=19 (full 0):
 garbage-first heap   total 166912K, used 146175K [0x0000000082a00000, 0x0000000100000000)
  region size 1024K, 76 young (77824K), 1 survivors (1024K)
 Metaspace       used 18748K, committed 19072K, reserved 1073152K
  class space    used 2167K, committed 2304K, reserved 1048576K
}
Event: 38.623 GC heap after
{Heap after GC invocations=20 (full 0):
 garbage-first heap   total 166912K, used 69375K [0x0000000082a00000, 0x0000000100000000)
  region size 1024K, 1 young (1024K), 1 survivors (1024K)
 Metaspace       used 18748K, committed 19072K, reserved 1073152K
  class space    used 2167K, committed 2304K, reserved 1048576K
}
Event: 39.954 GC heap before
{Heap before GC invocations=20 (full 0):
 garbage-first heap   total 166912K, used 146175K [0x0000000082a00000, 0x0000000100000000)
  region size 1024K, 76 young (77824K), 1 survivors (1024K)
 Metaspace       used 18770K, committed 19072K, reserved 1073152K
  class space    used 2167K, committed 2304K, reserved 1048576K
}
Event: 39.955 GC heap after
{Heap after GC invocations=21 (full 0):
 garbage-first heap   total 166912K, used 69395K [0x0000000082a00000, 0x0000000100000000)
  region size 1024K, 1 young (1024K), 1 survivors (1024K)
 Metaspace       used 18770K, committed 19072K, reserved 1073152K
  class space    used 2167K, committed 2304K, reserved 1048576K
}
Event: 41.049 GC heap before
{Heap before GC invocations=21 (full 0):
 garbage-first heap   total 166912K, used 146195K [0x0000000082a00000, 0x0000000100000000)
  region size 1024K, 76 young (77824K), 1 survivors (1024K)
 Metaspace       used 18777K, committed 19072K, reserved 1073152K
  class space    used 2167K, committed 2304K, reserved 1048576K
}
Event: 41.050 GC heap after
{Heap after GC invocations=22 (full 0):
 garbage-first heap   total 166912K, used 69421K [0x0000000082a00000, 0x0000000100000000)
  region size 1024K, 1 young (1024K), 1 survivors (1024K)
 Metaspace       used 18777K, committed 19072K, reserved 1073152K
  class space    used 2167K, committed 2304K, reserved 1048576K
}
Event: 42.444 GC heap before
{Heap before GC invocations=22 (full 0):
 garbage-first heap   total 166912K, used 147245K [0x0000000082a00000, 0x0000000100000000)
  region size 1024K, 77 young (78848K), 1 survivors (1024K)
 Metaspace       used 18801K, committed 19072K, reserved 1073152K
  class space    used 2167K, committed 2304K, reserved 1048576K
}
Event: 42.445 GC heap after
{Heap after GC invocations=23 (full 0):
 garbage-first heap   total 166912K, used 69395K [0x0000000082a00000, 0x0000000100000000)
  region size 1024K, 1 young (1024K), 1 survivors (1024K)
 Metaspace       used 18801K, committed 19072K, reserved 1073152K
  class space    used 2167K, committed 2304K, reserved 1048576K
}
Event: 42.685 GC heap before
{Heap before GC invocations=23 (full 0):
 garbage-first heap   total 166912K, used 94995K [0x0000000082a00000, 0x0000000100000000)
  region size 1024K, 23 young (23552K), 1 survivors (1024K)
 Metaspace       used 18832K, committed 19136K, reserved 1073152K
  class space    used 2167K, committed 2304K, reserved 1048576K
}
Event: 42.686 GC heap after
{Heap after GC invocations=24 (full 0):
 garbage-first heap   total 166912K, used 73891K [0x0000000082a00000, 0x0000000100000000)
  region size 1024K, 1 young (1024K), 1 survivors (1024K)
 Metaspace       used 18832K, committed 19136K, reserved 1073152K
  class space    used 2167K, committed 2304K, reserved 1048576K
}

Deoptimization events (20 events):
Event: 38.212 Thread 0x0000024d590d4ff0 DEOPT PACKING pc=0x0000024d3ca33273 sp=0x000000ac435fd040
Event: 38.212 Thread 0x0000024d590d4ff0 DEOPT UNPACKING pc=0x0000024d3bd12b43 sp=0x000000ac435fc408 mode 0
Event: 39.637 Thread 0x0000024d590d4ff0 DEOPT PACKING pc=0x0000024d3ca33273 sp=0x000000ac435fd080
Event: 39.637 Thread 0x0000024d590d4ff0 DEOPT UNPACKING pc=0x0000024d3bd12b43 sp=0x000000ac435fc448 mode 0
Event: 41.297 Thread 0x0000024d597fc900 Uncommon trap: trap_request=0xfffffff4 fr.pc=0x0000024d439f2770 relative=0x0000000000001010
Event: 41.297 Thread 0x0000024d597fc900 Uncommon trap: reason=null_check action=make_not_entrant pc=0x0000024d439f2770 method=com.sun.jna.Structure.readField(Lcom/sun/jna/Structure$StructField;)Ljava/lang/Object; @ 32 c2
Event: 41.297 Thread 0x0000024d597fc900 DEOPT PACKING pc=0x0000024d439f2770 sp=0x000000ac45cfe620
Event: 41.297 Thread 0x0000024d597fc900 DEOPT UNPACKING pc=0x0000024d3bd123a3 sp=0x000000ac45cfe5d8 mode 2
Event: 42.348 Thread 0x0000024d597fba90 Uncommon trap: trap_request=0xfffffff4 fr.pc=0x0000024d439f7dc0 relative=0x0000000000001060
Event: 42.348 Thread 0x0000024d597fba90 Uncommon trap: reason=null_check action=make_not_entrant pc=0x0000024d439f7dc0 method=com.sun.jna.Structure.readField(Lcom/sun/jna/Structure$StructField;)Ljava/lang/Object; @ 41 c2
Event: 42.348 Thread 0x0000024d597fba90 DEOPT PACKING pc=0x0000024d439f7dc0 sp=0x000000ac45cfe620
Event: 42.348 Thread 0x0000024d597fba90 DEOPT UNPACKING pc=0x0000024d3bd123a3 sp=0x000000ac45cfe5d8 mode 2
Event: 42.609 Thread 0x0000024d590d4ff0 Uncommon trap: trap_request=0xffffffbe fr.pc=0x0000024d439b1bb8 relative=0x00000000000010d8
Event: 42.609 Thread 0x0000024d590d4ff0 Uncommon trap: reason=profile_predicate action=maybe_recompile pc=0x0000024d439b1bb8 method=java.util.concurrent.locks.AbstractQueuedSynchronizer.acquire(Ljava/util/concurrent/locks/AbstractQueuedSynchronizer$Node;IZZZJ)I @ 20 c2
Event: 42.609 Thread 0x0000024d590d4ff0 DEOPT PACKING pc=0x0000024d439b1bb8 sp=0x000000ac435fe030
Event: 42.609 Thread 0x0000024d590d4ff0 DEOPT UNPACKING pc=0x0000024d3bd123a3 sp=0x000000ac435fe028 mode 2
Event: 42.664 Thread 0x0000024d590d4ff0 Uncommon trap: trap_request=0xffffffbe fr.pc=0x0000024d439b1bb8 relative=0x00000000000010d8
Event: 42.664 Thread 0x0000024d590d4ff0 Uncommon trap: reason=profile_predicate action=maybe_recompile pc=0x0000024d439b1bb8 method=java.util.concurrent.locks.AbstractQueuedSynchronizer.acquire(Ljava/util/concurrent/locks/AbstractQueuedSynchronizer$Node;IZZZJ)I @ 20 c2
Event: 42.664 Thread 0x0000024d590d4ff0 DEOPT PACKING pc=0x0000024d439b1bb8 sp=0x000000ac435fe030
Event: 42.664 Thread 0x0000024d590d4ff0 DEOPT UNPACKING pc=0x0000024d3bd123a3 sp=0x000000ac435fe028 mode 2

Classes unloaded (0 events):
No events

Classes redefined (0 events):
No events

Internal exceptions (20 events):
Event: 42.538 Thread 0x0000024d590d4ff0 Exception <a 'java/lang/ClassNotFoundException'{0x000000008c82c9d0}: TableHeader> (0x000000008c82c9d0) 
thrown [t:\workspace\open\src\hotspot\share\classfile\systemDictionary.cpp, line 256]
Event: 42.538 Thread 0x0000024d590d4ff0 Exception <a 'java/lang/ClassNotFoundException'{0x000000008c82d470}: TextField> (0x000000008c82d470) 
thrown [t:\workspace\open\src\hotspot\share\classfile\systemDictionary.cpp, line 256]
Event: 42.538 Thread 0x0000024d590d4ff0 Exception <a 'java/lang/ClassNotFoundException'{0x000000008c82db50}: FormattedTextField> (0x000000008c82db50) 
thrown [t:\workspace\open\src\hotspot\share\classfile\systemDictionary.cpp, line 256]
Event: 42.538 Thread 0x0000024d590d4ff0 Exception <a 'java/lang/ClassNotFoundException'{0x000000008c82e228}: PasswordField> (0x000000008c82e228) 
thrown [t:\workspace\open\src\hotspot\share\classfile\systemDictionary.cpp, line 256]
Event: 42.538 Thread 0x0000024d590d4ff0 Exception <a 'java/lang/ClassNotFoundException'{0x000000008c82e930}: TextArea> (0x000000008c82e930) 
thrown [t:\workspace\open\src\hotspot\share\classfile\systemDictionary.cpp, line 256]
Event: 42.538 Thread 0x0000024d590d4ff0 Exception <a 'java/lang/ClassNotFoundException'{0x000000008c82f038}: TextPane> (0x000000008c82f038) 
thrown [t:\workspace\open\src\hotspot\share\classfile\systemDictionary.cpp, line 256]
Event: 42.538 Thread 0x0000024d590d4ff0 Exception <a 'java/lang/ClassNotFoundException'{0x000000008c82f748}: EditorPane> (0x000000008c82f748) 
thrown [t:\workspace\open\src\hotspot\share\classfile\systemDictionary.cpp, line 256]
Event: 42.538 Thread 0x0000024d590d4ff0 Exception <a 'java/lang/ClassNotFoundException'{0x000000008c830270}: ToolBar> (0x000000008c830270) 
thrown [t:\workspace\open\src\hotspot\share\classfile\systemDictionary.cpp, line 256]
Event: 42.538 Thread 0x0000024d590d4ff0 Exception <a 'java/lang/ClassNotFoundException'{0x000000008c830c78}: ToolBar> (0x000000008c830c78) 
thrown [t:\workspace\open\src\hotspot\share\classfile\systemDictionary.cpp, line 256]
Event: 42.538 Thread 0x0000024d590d4ff0 Exception <a 'java/lang/ClassNotFoundException'{0x000000008c831280}: Button> (0x000000008c831280) 
thrown [t:\workspace\open\src\hotspot\share\classfile\systemDictionary.cpp, line 256]
Event: 42.538 Thread 0x0000024d590d4ff0 Exception <a 'java/lang/ClassNotFoundException'{0x000000008c8319b0}: ToolBar> (0x000000008c8319b0) 
thrown [t:\workspace\open\src\hotspot\share\classfile\systemDictionary.cpp, line 256]
Event: 42.538 Thread 0x0000024d590d4ff0 Exception <a 'java/lang/ClassNotFoundException'{0x000000008c831fc8}: ToggleButton> (0x000000008c831fc8) 
thrown [t:\workspace\open\src\hotspot\share\classfile\systemDictionary.cpp, line 256]
Event: 42.538 Thread 0x0000024d590d4ff0 Exception <a 'java/lang/ClassNotFoundException'{0x000000008c8326b0}: javax/swing/JToolBarSeparator> (0x000000008c8326b0) 
thrown [t:\workspace\open\src\hotspot\share\classfile\systemDictionary.cpp, line 256]
Event: 42.538 Thread 0x0000024d590d4ff0 Exception <a 'java/lang/ClassNotFoundException'{0x000000008c832c60}: ToolBarSeparator> (0x000000008c832c60) 
thrown [t:\workspace\open\src\hotspot\share\classfile\systemDictionary.cpp, line 256]
Event: 42.538 Thread 0x0000024d590d4ff0 Exception <a 'java/lang/ClassNotFoundException'{0x000000008c833368}: ToolTip> (0x000000008c833368) 
thrown [t:\workspace\open\src\hotspot\share\classfile\systemDictionary.cpp, line 256]
Event: 42.538 Thread 0x0000024d590d4ff0 Exception <a 'java/lang/ClassNotFoundException'{0x000000008c833a70}: Tree> (0x000000008c833a70) 
thrown [t:\workspace\open\src\hotspot\share\classfile\systemDictionary.cpp, line 256]
Event: 42.538 Thread 0x0000024d590d4ff0 Exception <a 'java/lang/ClassNotFoundException'{0x000000008c8341d8}: Tree> (0x000000008c8341d8) 
thrown [t:\workspace\open\src\hotspot\share\classfile\systemDictionary.cpp, line 256]
Event: 42.538 Thread 0x0000024d590d4ff0 Exception <a 'java/lang/ClassNotFoundException'{0x000000008c8347f0}: javax/swing/JTreeCell> (0x000000008c8347f0) 
thrown [t:\workspace\open\src\hotspot\share\classfile\systemDictionary.cpp, line 256]
Event: 42.538 Thread 0x0000024d590d4ff0 Exception <a 'java/lang/ClassNotFoundException'{0x000000008c834d98}: TreeCell> (0x000000008c834d98) 
thrown [t:\workspace\open\src\hotspot\share\classfile\systemDictionary.cpp, line 256]
Event: 42.538 Thread 0x0000024d590d4ff0 Exception <a 'java/lang/ClassNotFoundException'{0x000000008c835600}: RootPane> (0x000000008c835600) 
thrown [t:\workspace\open\src\hotspot\share\classfile\systemDictionary.cpp, line 256]

VM Operations (20 events):
Event: 37.250 Executing VM operation: G1CollectForAllocation
Event: 37.251 Executing VM operation: G1CollectForAllocation done
Event: 38.252 Executing VM operation: Cleanup
Event: 38.252 Executing VM operation: Cleanup done
Event: 38.622 Executing VM operation: G1CollectForAllocation
Event: 38.623 Executing VM operation: G1CollectForAllocation done
Event: 39.954 Executing VM operation: G1CollectForAllocation
Event: 39.955 Executing VM operation: G1CollectForAllocation done
Event: 41.049 Executing VM operation: G1CollectForAllocation
Event: 41.050 Executing VM operation: G1CollectForAllocation done
Event: 42.444 Executing VM operation: G1CollectForAllocation
Event: 42.445 Executing VM operation: G1CollectForAllocation done
Event: 42.684 Executing VM operation: G1TryInitiateConcMark
Event: 42.684 Executing VM operation: G1TryInitiateConcMark done
Event: 42.684 Executing VM operation: G1CollectForAllocation
Event: 42.687 Executing VM operation: G1CollectForAllocation done
Event: 42.706 Executing VM operation: G1Concurrent
Event: 42.709 Executing VM operation: G1Concurrent done
Event: 42.715 Executing VM operation: G1Concurrent
Event: 42.716 Executing VM operation: G1Concurrent done

Events (20 events):
Event: 42.704 Thread 0x0000024d597ff920 Thread exited: 0x0000024d597ff920
Event: 42.705 Thread 0x0000024d597fc430 Thread exited: 0x0000024d597fc430
Event: 42.709 Thread 0x0000024d597ff920 Thread added: 0x0000024d597ff920
Event: 42.713 Thread 0x0000024d597ff920 Thread exited: 0x0000024d597ff920
Event: 42.719 Thread 0x0000024d597fc430 Thread added: 0x0000024d597fc430
Event: 42.720 Thread 0x0000024d597fc430 Thread exited: 0x0000024d597fc430
Event: 42.720 Thread 0x0000024d597ff920 Thread added: 0x0000024d597ff920
Event: 42.721 Thread 0x0000024d597ff920 Thread exited: 0x0000024d597ff920
Event: 42.738 Thread 0x0000024d597ff920 Thread added: 0x0000024d597ff920
Event: 42.739 Thread 0x0000024d597ff920 Thread exited: 0x0000024d597ff920
Event: 42.740 Thread 0x0000024d597fbf60 Thread added: 0x0000024d597fbf60
Event: 42.741 Thread 0x0000024d597fbf60 Thread exited: 0x0000024d597fbf60
Event: 42.741 Thread 0x0000024d59800790 Thread added: 0x0000024d59800790
Event: 42.741 Thread 0x0000024d597fac20 Thread added: 0x0000024d597fac20
Event: 42.741 Thread 0x0000024d597fac20 Thread exited: 0x0000024d597fac20
Event: 42.741 Thread 0x0000024d597fa280 Thread added: 0x0000024d597fa280
Event: 42.741 Thread 0x0000024d597fa280 Thread exited: 0x0000024d597fa280
Event: 42.741 Thread 0x0000024d59800790 Thread exited: 0x0000024d59800790
Event: 42.741 Thread 0x0000024d597fd2a0 Thread added: 0x0000024d597fd2a0
Event: 42.743 Thread 0x0000024d597fd2a0 Thread exited: 0x0000024d597fd2a0


Dynamic libraries:
0x00007ff678f40000 - 0x00007ff678f4e000 	C:\Users\savad\.jdks\openjdk-17.0.2\bin\java.exe
0x00007ffe1cc80000 - 0x00007ffe1ce89000 	C:\WINDOWS\SYSTEM32\ntdll.dll
0x00007ffe1bdc0000 - 0x00007ffe1be7d000 	C:\WINDOWS\System32\KERNEL32.DLL
0x00007ffe1a490000 - 0x00007ffe1a804000 	C:\WINDOWS\System32\KERNELBASE.dll
0x00007ffe08f00000 - 0x00007ffe08f1a000 	C:\Users\savad\.jdks\openjdk-17.0.2\bin\VCRUNTIME140.dll
0x00007ffe1a260000 - 0x00007ffe1a371000 	C:\WINDOWS\System32\ucrtbase.dll
0x00007ffe00ae0000 - 0x00007ffe00af8000 	C:\Users\savad\.jdks\openjdk-17.0.2\bin\jli.dll
0x00007ffe1ba60000 - 0x00007ffe1bc0c000 	C:\WINDOWS\System32\USER32.dll
0x00007ffdefc30000 - 0x00007ffdefed5000 	C:\WINDOWS\WinSxS\amd64_microsoft.windows.common-controls_6595b64144ccf1df_6.0.22000.120_none_9d947278b86cc467\COMCTL32.dll
0x00007ffe1a170000 - 0x00007ffe1a196000 	C:\WINDOWS\System32\win32u.dll
0x00007ffe1bd10000 - 0x00007ffe1bdb3000 	C:\WINDOWS\System32\msvcrt.dll
0x00007ffe1c2f0000 - 0x00007ffe1c319000 	C:\WINDOWS\System32\GDI32.dll
0x00007ffe1a810000 - 0x00007ffe1a922000 	C:\WINDOWS\System32\gdi32full.dll
0x00007ffe1a380000 - 0x00007ffe1a41d000 	C:\WINDOWS\System32\msvcp_win.dll
0x00007ffe1bfa0000 - 0x00007ffe1bfd1000 	C:\WINDOWS\System32\IMM32.DLL
0x00007ffe09760000 - 0x00007ffe0976c000 	C:\Users\savad\.jdks\openjdk-17.0.2\bin\vcruntime140_1.dll
0x00007ffdd27d0000 - 0x00007ffdd285d000 	C:\Users\savad\.jdks\openjdk-17.0.2\bin\msvcp140.dll
0x00007ffdab880000 - 0x00007ffdac441000 	C:\Users\savad\.jdks\openjdk-17.0.2\bin\server\jvm.dll
0x00007ffe1ae00000 - 0x00007ffe1aeae000 	C:\WINDOWS\System32\ADVAPI32.dll
0x00007ffe1bc70000 - 0x00007ffe1bd0e000 	C:\WINDOWS\System32\sechost.dll
0x00007ffe1be80000 - 0x00007ffe1bfa0000 	C:\WINDOWS\System32\RPCRT4.dll
0x00007ffe1cbc0000 - 0x00007ffe1cbc8000 	C:\WINDOWS\System32\PSAPI.DLL
0x00007ffe14960000 - 0x00007ffe14993000 	C:\WINDOWS\SYSTEM32\WINMM.dll
0x00007ffe05d00000 - 0x00007ffe05d09000 	C:\WINDOWS\SYSTEM32\WSOCK32.dll
0x00007ffe14d00000 - 0x00007ffe14d0a000 	C:\WINDOWS\SYSTEM32\VERSION.dll
0x00007ffe1cbd0000 - 0x00007ffe1cc3f000 	C:\WINDOWS\System32\WS2_32.dll
0x00007ffe19320000 - 0x00007ffe19338000 	C:\WINDOWS\SYSTEM32\kernel.appcore.dll
0x00007ffe09170000 - 0x00007ffe0917a000 	C:\Users\savad\.jdks\openjdk-17.0.2\bin\jimage.dll
0x00007ffe17470000 - 0x00007ffe17691000 	C:\WINDOWS\SYSTEM32\DBGHELP.DLL
0x00007ffdffd50000 - 0x00007ffdffd81000 	C:\WINDOWS\SYSTEM32\dbgcore.DLL
0x00007ffe1a930000 - 0x00007ffe1a9af000 	C:\WINDOWS\System32\bcryptPrimitives.dll
0x00007ffe097b0000 - 0x00007ffe097be000 	C:\Users\savad\.jdks\openjdk-17.0.2\bin\instrument.dll
0x00007ffdf7260000 - 0x00007ffdf7285000 	C:\Users\savad\.jdks\openjdk-17.0.2\bin\java.dll
0x00007ffdce710000 - 0x00007ffdce7e6000 	C:\Users\savad\.jdks\openjdk-17.0.2\bin\jsvml.dll
0x00007ffe1b140000 - 0x00007ffe1b8ef000 	C:\WINDOWS\System32\SHELL32.dll
0x00007ffe182b0000 - 0x00007ffe18b18000 	C:\WINDOWS\SYSTEM32\windows.storage.dll
0x00007ffe1c320000 - 0x00007ffe1c698000 	C:\WINDOWS\System32\combase.dll
0x00007ffe18140000 - 0x00007ffe182a6000 	C:\WINDOWS\SYSTEM32\wintypes.dll
0x00007ffe1b050000 - 0x00007ffe1b13a000 	C:\WINDOWS\System32\SHCORE.dll
0x00007ffe1b8f0000 - 0x00007ffe1b94d000 	C:\WINDOWS\System32\shlwapi.dll
0x00007ffe1a0a0000 - 0x00007ffe1a0c1000 	C:\WINDOWS\SYSTEM32\profapi.dll
0x00007ffdf09f0000 - 0x00007ffdf0a08000 	C:\Users\savad\.jdks\openjdk-17.0.2\bin\zip.dll
0x00007ffdf9030000 - 0x00007ffdf9049000 	C:\Users\savad\.jdks\openjdk-17.0.2\bin\net.dll
0x00007ffe14d50000 - 0x00007ffe14e5c000 	C:\WINDOWS\SYSTEM32\WINHTTP.dll
0x00007ffe19750000 - 0x00007ffe197b7000 	C:\WINDOWS\system32\mswsock.dll
0x00007ffdf0a10000 - 0x00007ffdf0a26000 	C:\Users\savad\.jdks\openjdk-17.0.2\bin\nio.dll
0x00007ffe09790000 - 0x00007ffe097aa000 	C:\Program Files\JetBrains\IntelliJ IDEA Educational Edition 2022.1\bin\breakgen64.dll
0x00007ffdd7800000 - 0x00007ffdd798e000 	C:\Users\savad\.jdks\openjdk-17.0.2\bin\awt.dll
0x00007ffe1c090000 - 0x00007ffe1c166000 	C:\WINDOWS\System32\OLEAUT32.dll
0x00007ffe172d0000 - 0x00007ffe17361000 	C:\WINDOWS\SYSTEM32\apphelp.dll
0x00007ffdf16a0000 - 0x00007ffdf1729000 	C:\Users\savad\.jdks\openjdk-17.0.2\bin\freetype.dll
0x00007ffdd7340000 - 0x00007ffdd73e8000 	C:\Users\savad\.jdks\openjdk-17.0.2\bin\fontmanager.dll
0x00007ffe17750000 - 0x00007ffe177fc000 	C:\WINDOWS\system32\uxtheme.dll
0x00007ffe1c1d0000 - 0x00007ffe1c2ee000 	C:\WINDOWS\System32\MSCTF.dll
0x00007ffe1aeb0000 - 0x00007ffe1b04a000 	C:\WINDOWS\System32\ole32.dll
0x00007ffe17c20000 - 0x00007ffe17c4f000 	C:\WINDOWS\system32\DWMAPI.DLL
0x00007ffdfe880000 - 0x00007ffdfe981000 	C:\WINDOWS\system32\opengl32.dll
0x00007ffe060c0000 - 0x00007ffe060ed000 	C:\WINDOWS\SYSTEM32\GLU32.dll
0x00007ffe17960000 - 0x00007ffe17998000 	C:\WINDOWS\SYSTEM32\dxcore.dll
0x00007ffe077b0000 - 0x00007ffe07956000 	C:\WINDOWS\system32\d3d9.dll
0x00007ffdad9c0000 - 0x00007ffdadb1d000 	C:\WINDOWS\System32\DriverStore\FileRepository\iigd_dch.inf_amd64_2b7bcff446ea567f\igdumdim64.dll
0x00007ffd96130000 - 0x00007ffd99a02000 	C:\WINDOWS\System32\DriverStore\FileRepository\iigd_dch.inf_amd64_2b7bcff446ea567f\igd9dxva64.dll
0x00007ffe1c750000 - 0x00007ffe1cbbc000 	C:\WINDOWS\System32\SETUPAPI.dll
0x00007ffe19e40000 - 0x00007ffe19e8c000 	C:\WINDOWS\SYSTEM32\cfgmgr32.dll
0x00007ffe0f5b0000 - 0x00007ffe0f755000 	C:\WINDOWS\System32\DriverStore\FileRepository\iigd_dch.inf_amd64_2b7bcff446ea567f\igdgmm64.dll
0x00007ffe14b90000 - 0x00007ffe14bd4000 	C:\WINDOWS\SYSTEM32\directxdatabasehelper.dll
0x00007ffe17ae0000 - 0x00007ffe17b14000 	C:\WINDOWS\SYSTEM32\ntmarta.dll
0x00007ffdd2470000 - 0x00007ffdd2520000 	C:\WINDOWS\System32\DriverStore\FileRepository\nvaci.inf_amd64_f4432b81d5e8ddcf\nvldumdx.dll
0x00007ffe19a30000 - 0x00007ffe19a42000 	C:\WINDOWS\SYSTEM32\msasn1.dll
0x00007ffe0f900000 - 0x00007ffe0f931000 	C:\WINDOWS\SYSTEM32\cryptnet.dll
0x00007ffe1a9b0000 - 0x00007ffe1ab12000 	C:\WINDOWS\System32\CRYPT32.dll
0x00007ffe0f760000 - 0x00007ffe0f8a9000 	C:\WINDOWS\SYSTEM32\drvstore.dll
0x00007ffe19e90000 - 0x00007ffe19ebc000 	C:\WINDOWS\SYSTEM32\devobj.dll
0x00007ffe19aa0000 - 0x00007ffe19add000 	C:\WINDOWS\SYSTEM32\wldp.dll
0x00007ffe199d0000 - 0x00007ffe199dc000 	C:\WINDOWS\SYSTEM32\cryptbase.dll
0x00007ffe1a420000 - 0x00007ffe1a487000 	C:\WINDOWS\System32\WINTRUST.DLL
0x00007ffe1ab30000 - 0x00007ffe1ab4f000 	C:\WINDOWS\System32\imagehlp.dll
0x00007ffe199b0000 - 0x00007ffe199c8000 	C:\WINDOWS\SYSTEM32\CRYPTSP.dll
0x00007ffe19280000 - 0x00007ffe192b5000 	C:\WINDOWS\system32\rsaenh.dll
0x00007ffe19b50000 - 0x00007ffe19b77000 	C:\WINDOWS\SYSTEM32\bcrypt.dll
0x00007ffd8e4f0000 - 0x00007ffd8fc78000 	C:\WINDOWS\System32\DriverStore\FileRepository\nvaci.inf_amd64_f4432b81d5e8ddcf\nvd3dumx.dll
0x00007ffdcdf60000 - 0x00007ffdce227000 	C:\WINDOWS\system32\nvspcap64.dll
0x00007ffe197e0000 - 0x00007ffe19804000 	C:\WINDOWS\SYSTEM32\gpapi.dll
0x00007ffdf64a0000 - 0x00007ffdf65cd000 	C:\WINDOWS\SYSTEM32\textinputframework.dll
0x00007ffe16f50000 - 0x00007ffe17082000 	C:\WINDOWS\SYSTEM32\CoreMessaging.dll
0x00007ffe14330000 - 0x00007ffe1469d000 	C:\WINDOWS\SYSTEM32\CoreUIComponents.dll
0x00007ffe1bfe0000 - 0x00007ffe1c08f000 	C:\WINDOWS\System32\clbcatq.dll
0x00007ffe12700000 - 0x00007ffe128ae000 	C:\WINDOWS\SYSTEM32\WindowsCodecs.dll
0x00007ffdf66b0000 - 0x00007ffdf670d000 	C:\WINDOWS\system32\dataexchange.dll
0x00007ffe119a0000 - 0x00007ffe11c06000 	C:\WINDOWS\system32\twinapi.appcore.dll
0x00007ffde7060000 - 0x00007ffde7112000 	C:\WINDOWS\WinSxS\amd64_microsoft.windows.common-controls_6595b64144ccf1df_5.82.22000.1_none_271a8fad6a2d1b1e\comctl32.dll
0x00007ffe15ee0000 - 0x00007ffe15fd7000 	C:\WINDOWS\system32\propsys.dll
0x00007ffded250000 - 0x00007ffded268000 	C:\WINDOWS\system32\NetworkExplorer.dll
0x00007ffe050a0000 - 0x00007ffe050bf000 	C:\WINDOWS\SYSTEM32\MPR.dll
0x00007ffe160f0000 - 0x00007ffe1611d000 	C:\WINDOWS\system32\BvWinFsp.dll
0x00007ffe1c170000 - 0x00007ffe1c1c6000 	C:\WINDOWS\System32\WLDAP32.dll
0x00007ffdf7d60000 - 0x00007ffdf7d6c000 	C:\WINDOWS\system32\Secur32.dll
0x00007ffe05080000 - 0x00007ffe0509a000 	C:\WINDOWS\system32\NETAPI32.dll
0x00007ffe04150000 - 0x00007ffe04161000 	C:\WINDOWS\system32\credui.dll
0x00007ffe19550000 - 0x00007ffe19592000 	C:\WINDOWS\system32\SSPICLI.DLL
0x00007ffe18e40000 - 0x00007ffe18e4c000 	C:\WINDOWS\system32\NETUTILS.DLL
0x00007ffe14ff0000 - 0x00007ffe15033000 	C:\WINDOWS\system32\LOGONCLI.DLL
0x00007ffe160c0000 - 0x00007ffe160ec000 	C:\WINDOWS\System32\p9np.dll
0x00007ffe14fc0000 - 0x00007ffe14fcc000 	C:\WINDOWS\System32\drprov.dll
0x00007ffe09c90000 - 0x00007ffe09cb0000 	C:\WINDOWS\System32\ntlanman.dll
0x00007ffe09c50000 - 0x00007ffe09c6e000 	C:\WINDOWS\System32\davclnt.dll
0x00007ffe18dd0000 - 0x00007ffe18e33000 	C:\WINDOWS\System32\WINSTA.dll
0x00007ffe14a80000 - 0x00007ffe14a9a000 	C:\WINDOWS\System32\wkscli.dll
0x00007ffdf61c0000 - 0x00007ffdf61d2000 	C:\WINDOWS\SYSTEM32\cscapi.dll
0x00007ffdd28f0000 - 0x00007ffdd2947000 	C:\Windows\System32\dlnashext.dll
0x00007ffde76e0000 - 0x00007ffde774e000 	C:\Windows\System32\PlayToDevice.dll
0x00007ffdfe560000 - 0x00007ffdfe581000 	C:\Windows\System32\DevDispItemProvider.dll
0x00007ffe0c600000 - 0x00007ffe0c69c000 	C:\WINDOWS\System32\MMDevApi.dll
0x00007ffdd7290000 - 0x00007ffdd7332000 	C:\WINDOWS\system32\wpdshext.dll
0x00007ffe001a0000 - 0x00007ffe00353000 	C:\WINDOWS\WinSxS\amd64_microsoft.windows.gdiplus_6595b64144ccf1df_1.1.22000.434_none_ce836c1412fb9b57\gdiplus.dll
0x00007ffde3930000 - 0x00007ffde39ce000 	C:\Windows\System32\PortableDeviceApi.dll
0x00007ffdeece0000 - 0x00007ffdeed17000 	C:\Windows\System32\EhStorShell.dll
0x00007ffdf1670000 - 0x00007ffdf1695000 	C:\Windows\System32\EhStorAPI.dll
0x00007ffe154e0000 - 0x00007ffe154f4000 	C:\Windows\System32\WTSAPI32.dll
0x00007ffde7120000 - 0x00007ffde712d000 	C:\WINDOWS\SYSTEM32\LINKINFO.dll
0x00007ffe0c110000 - 0x00007ffe0c24b000 	C:\Windows\System32\Windows.System.Launcher.dll
0x00007ffe125a0000 - 0x00007ffe12632000 	C:\Windows\System32\msvcp110_win.dll
0x00007ffe128d0000 - 0x00007ffe128eb000 	C:\WINDOWS\SYSTEM32\windows.staterepositorycore.dll
0x00007ffe19860000 - 0x00007ffe19889000 	C:\WINDOWS\SYSTEM32\USERENV.dll
0x00007ffe18e50000 - 0x00007ffe18e7d000 	C:\WINDOWS\SYSTEM32\IPHLPAPI.DLL
0x00007ffe1ab20000 - 0x00007ffe1ab29000 	C:\WINDOWS\System32\NSI.dll
0x00007ffe14d10000 - 0x00007ffe14d29000 	C:\WINDOWS\SYSTEM32\dhcpcsvc6.DLL
0x00007ffe150f0000 - 0x00007ffe1510e000 	C:\WINDOWS\SYSTEM32\dhcpcsvc.DLL

dbghelp: loaded successfully - version: 4.0.5 - missing functions: none
symbol engine: initialized successfully - sym options: 0x614 - pdb path: .;C:\Users\savad\.jdks\openjdk-17.0.2\bin;C:\WINDOWS\SYSTEM32;C:\WINDOWS\WinSxS\amd64_microsoft.windows.common-controls_6595b64144ccf1df_6.0.22000.120_none_9d947278b86cc467;C:\Users\savad\.jdks\openjdk-17.0.2\bin\server;C:\Program Files\JetBrains\IntelliJ IDEA Educational Edition 2022.1\bin;C:\WINDOWS\System32\DriverStore\FileRepository\iigd_dch.inf_amd64_2b7bcff446ea567f;C:\WINDOWS\System32\DriverStore\FileRepository\nvaci.inf_amd64_f4432b81d5e8ddcf;C:\WINDOWS\WinSxS\amd64_microsoft.windows.common-controls_6595b64144ccf1df_5.82.22000.1_none_271a8fad6a2d1b1e;C:\WINDOWS\WinSxS\amd64_microsoft.windows.gdiplus_6595b64144ccf1df_1.1.22000.434_none_ce836c1412fb9b57;C:\Users\savad\AppData\Local\Temp\jna-109211147;C:\Program Files\VideoLAN\VLC;C:\Program Files\VideoLAN\VLC\plugins\logger;C:\Program Files\VideoLAN\VLC\plugins\keystore;C:\Program Files\VideoLAN\VLC\plugins\audio_output;C:\Program Files\VideoLAN\VLC\plugins\access;C:\Program Files\VideoLAN\VLC\plugins\stream_filter;C:\Program Files\VideoLAN\VLC\plugins\demux;C:\Program Files\VideoLAN\VLC\plugins\lua;C:\Program Files\VideoLAN\VLC\plugins\stream_extractor;C:\Program Files\VideoLAN\VLC\plugins\codec;C:\Program Files\VideoLAN\VLC\plugins\meta_engine;C:\Program Files\VideoLAN\VLC\plugins\text_renderer;C:\Program Files\VideoLAN\VLC\plugins\video_chroma;C:\Program Files\VideoLAN\VLC\plugins\d3d11;C:\Program Files\Bonjour;C:\Program Files\VideoLAN\VLC\plugins\video_filter;C:\Program Files\VideoLAN\VLC\plugins\d3d9;C:\Program Files\VideoLAN\VLC\plugins\video_output;C:\Program Files\VideoLAN\VLC\plugins\spu;C:\Program Files\VideoLAN\VLC\plugins\audio_mixer;C:\Program Files\VideoLAN\VLC\plugins\audio_filter

VM Arguments:
jvm_args: -javaagent:C:\Program Files\JetBrains\IntelliJ IDEA Educational Edition 2022.1\lib\idea_rt.jar=22572:C:\Program Files\JetBrains\IntelliJ IDEA Educational Edition 2022.1\bin -Dfile.encoding=UTF-8 
java_command: interfaceplayer
java_class_path (initial): C:\Users\savad\IdeaProjects\Java_player2\out\production\java_player;C:\Users\savad\IdeaProjects\Java_player2\demo\target\classes;C:\Users\savad\Documents\cours\1ere_cybersecurite\Programmation_oriente_objet\Projet\openjfx-17.0.2_windows-x64_bin-sdk\javafx-sdk-17.0.2\lib\javafx.swing.jar;C:\Users\savad\Documents\cours\1ere_cybersecurite\Programmation_oriente_objet\Projet\openjfx-17.0.2_windows-x64_bin-sdk\javafx-sdk-17.0.2\lib\javafx-swt.jar;C:\Users\savad\.m2\repository\org\openjfx\javafx-controls\17.0.1\javafx-controls-17.0.1.jar;C:\Users\savad\.m2\repository\org\openjfx\javafx-controls\17.0.1\javafx-controls-17.0.1-win.jar;C:\Users\savad\.m2\repository\org\openjfx\javafx-graphics\17.0.1\javafx-graphics-17.0.1.jar;C:\Users\savad\.m2\repository\org\openjfx\javafx-graphics\17.0.1\javafx-graphics-17.0.1-win.jar;C:\Users\savad\.m2\repository\org\openjfx\javafx-base\17.0.1\javafx-base-17.0.1.jar;C:\Users\savad\.m2\repository\org\openjfx\javafx-base\17.0.1\javafx-base-17.0.1-win.jar;C:\Users\savad\.m2\repository\org\openjfx\javafx-fxml\17.0.1\javafx-fxml-17.0.1.jar;C:\Users\savad\.m2\repository\org\openjfx\javafx-fxml\17.0.1\javafx-fxml-17.0.1-win.jar;C:\Users\savad\.m2\repository\org\openjfx\javafx-web\17.0.1\javafx-web-17.0.1.jar;C:\Users\savad\.m2\repository\org\openjfx\javafx-web\17.0.1\javafx-web-17.0.1-win.jar;C:\Users\savad\.m2\repository\org\openjfx\javafx-media\17.0.1\javafx-media-17.0.1.jar;C:\Users\savad\.m2\repository\org\openjfx\javafx-media\17.0.1\javafx-media-17.0.1-win.jar;C:\Users\savad\.m2\repository\org\controlsfx\controlsfx\11.1.0\controlsfx-11.1.0.jar;C:\Users\savad\.m2\repository\com\dlsc\formsfx\formsfx-core\11.3.2\formsfx-core-11.3.2.jar;C:\Users\savad\.m2\repository\net\synedra\validatorfx\0.1.13\validatorfx-0.1.13.jar;C:\Users\savad\.m2\repository\org\kordamp\ikonli\ikonli-javafx\12.2.0\ikonli-javafx-12.2.0.jar;C:\Users\savad\.m2\repository\org\kordamp\ikonli\ikonli-core\12.2.0\ikonli-core-12.2.0.jar;C:\Users\savad\.
Launcher Type: SUN_STANDARD

[Global flags]
     intx CICompilerCount                          = 4                                         {product} {ergonomic}
     uint ConcGCThreads                            = 2                                         {product} {ergonomic}
     uint G1ConcRefinementThreads                  = 8                                         {product} {ergonomic}
   size_t G1HeapRegionSize                         = 1048576                                   {product} {ergonomic}
    uintx GCDrainStackTargetSize                   = 64                                        {product} {ergonomic}
   size_t InitialHeapSize                          = 132120576                                 {product} {ergonomic}
   size_t MarkStackSize                            = 4194304                                   {product} {ergonomic}
   size_t MaxHeapSize                              = 2103443456                                {product} {ergonomic}
   size_t MaxNewSize                               = 1261436928                                {product} {ergonomic}
   size_t MinHeapDeltaBytes                        = 1048576                                   {product} {ergonomic}
   size_t MinHeapSize                              = 8388608                                   {product} {ergonomic}
    uintx NonNMethodCodeHeapSize                   = 5839372                                {pd product} {ergonomic}
    uintx NonProfiledCodeHeapSize                  = 122909434                              {pd product} {ergonomic}
    uintx ProfiledCodeHeapSize                     = 122909434                              {pd product} {ergonomic}
    uintx ReservedCodeCacheSize                    = 251658240                              {pd product} {ergonomic}
     bool SegmentedCodeCache                       = true                                      {product} {ergonomic}
   size_t SoftMaxHeapSize                          = 2103443456                             {manageable} {ergonomic}
     bool UseCompressedClassPointers               = true                           {product lp64_product} {ergonomic}
     bool UseCompressedOops                        = true                           {product lp64_product} {ergonomic}
     bool UseG1GC                                  = true                                      {product} {ergonomic}
     bool UseLargePagesIndividualAllocation        = false                                  {pd product} {ergonomic}

Logging:
Log output configuration:
 #0: stdout all=warning uptime,level,tags
 #1: stderr all=off uptime,level,tags

Environment Variables:
PATH=C:\Program Files\Common Files\Oracle\Java\javapath;C:\Program Files (x86)\Common Files\Oracle\Java\javapath;C:\Windows\system32;C:\Windows;C:\Windows\System32\Wbem;C:\Windows\System32\WindowsPowerShell\v1.0\;C:\Windows\System32\OpenSSH\;C:\Program Files (x86)\NVIDIA Corporation\PhysX\Common;C:\Program Files\NVIDIA Corporation\NVIDIA NvDLISR;C:\WINDOWS\system32;C:\WINDOWS;C:\WINDOWS\System32\Wbem;C:\WINDOWS\System32\WindowsPowerShell\v1.0\;C:\WINDOWS\System32\OpenSSH\;C:\Program Files (x86)\Bitvise SSH Client;C:\Program Files\Git\cmd;C:\Users\savad\AppData\Local\Programs\Python\Python39\Scripts\;C:\Users\savad\AppData\Local\Programs\Python\Python39\;C:\Users\savad\AppData\Local\Microsoft\WindowsApps;C:\Users\savad\AppData\Local\Programs\Microsoft VS Code\bin;C:\Program Files (x86)\Nmap;C:\Program Files\JetBrains\IntelliJ IDEA Community Edition 2021.3.2\bin;;C:\Users\savad\AppData\Local\GitHubDesktop\bin;C:\Program Files\JetBrains\CLion 2022.1\bin;;C:\Program Files\JetBrains\PyCharm 2022.1\bin;;C:\Program Files\JetBrains\IntelliJ IDEA Educational Edition 2022.1\bin;
USERNAME=savad
OS=Windows_NT
PROCESSOR_IDENTIFIER=Intel64 Family 6 Model 165 Stepping 2, GenuineIntel



---------------  S Y S T E M  ---------------

OS:
 Windows 11 , 64 bit Build 22000 (10.0.22000.613)
OS uptime: 3 days 9:20 hours
Hyper-V role detected

CPU: total 8 (initial active 8) (4 cores per cpu, 2 threads per core) family 6 model 165 stepping 2 microcode 0xe0, cx8, cmov, fxsr, ht, mmx, 3dnowpref, sse, sse2, sse3, ssse3, sse4.1, sse4.2, popcnt, lzcnt, tsc, tscinvbit, avx, avx2, aes, erms, clmul, bmi1, bmi2, adx, fma, vzeroupper, clflush, clflushopt, hv

Memory: 4k page, system-wide physical 8023M (727M free)
TotalPageFile size 17751M (AvailPageFile size 4674M)
current process WorkingSet (physical memory assigned to process): 525M, peak: 528M
current process commit charge ("private bytes"): 708M, peak: 728M

vm_info: OpenJDK 64-Bit Server VM (17.0.2+8-86) for windows-amd64 JRE (17.0.2+8-86), built on Dec  7 2021 21:49:10 by "mach5one" with MS VC++ 16.8 / 16.9 (VS2019)

END.
